#
# A fatal error has been detected by the Java Runtime Environment:
#
#  EXCEPTION_ACCESS_VIOLATION (0xc0000005) at pc=0x00007ffe0f861ce9, pid=20432, tid=17880
#
# JRE version: Java(TM) SE Runtime Environment (9.0+11) (build 9.0.4+11)
# Java VM: Java HotSpot(TM) 64-Bit Server VM (9.0.4+11, mixed mode, tiered, compressed oops, g1 gc, windows-amd64)
# Problematic frame:
# C  0x00007ffe0f861ce9
#
# No core dump will be written. Minidumps are not enabled by default on client versions of Windows
#
# If you would like to submit a bug report, please visit:
#   http://bugreport.java.com/bugreport/crash.jsp
# The crash happened outside the Java Virtual Machine in native code.
# See problematic frame for where to report the bug.
#

---------------  S U M M A R Y ------------

Command Line: -Dsun.java2d.pmoffscreen=false -Dsun.java2d.xrender=false -Dsun.java2d.d3d=false -Dsun.awt.nopixfmt=true -Dsun.java2d.dpiaware=true -Dsun.java2d.uiScale.enabled=false -Xverify:none -Dswing.aatext=true -XX:-UsePerfData -Djdk.map.althashing.threshold=512 -XX:StringTableSize=4072 --add-opens=java.base/java.nio=ALL-UNNAMED --add-opens=java.desktop/sun.swing=ALL-UNNAMED --add-opens=java.desktop/javax.swing=ALL-UNNAMED --add-opens=java.desktop/javax.swing.tree=ALL-UNNAMED --add-opens=java.desktop/javax.swing.plaf.basic=ALL-UNNAMED --add-opens=java.desktop/javax.swing.plaf.synth=ALL-UNNAMED --add-opens=java.desktop/com.sun.awt=ALL-UNNAMED -XX:NewSize=60m -XX:MaxNewSize=60m -Xms128m -Xmx3072m -Xss5m 

Host: AMD Ryzen 5 3400G with Radeon Vega Graphics    , 8 cores, 13G,  Windows 10 , 64 bit Build 19041 (10.0.19041.546)
Time: Mon Nov 30 19:27:59 2020 Eastern Standard Time elapsed time: 1318 seconds (0d 0h 21m 58s)

---------------  T H R E A D  ---------------

Current thread (0x000001c8549df800):  JavaThread "AWT-EventQueue-0" [_thread_in_native, id=17880, stack(0x00000017de200000,0x00000017de700000)]

Stack: [0x00000017de200000,0x00000017de700000],  sp=0x00000017de6f4960,  free space=5074k
Native frames: (J=compiled Java code, j=interpreted, Vv=VM code, C=native code)
C  0x00007ffe0f861ce9
C  0x00007ffe0f875ae7
C  0x00007ffe0f8757f2
C  0x00007ffe0f85b39c
C  0x00007ffde0f362a0
C  0x00007ffde0f589ae
C  0x00007ffde0ff1d7e
C  0x00007ffde0ff1c9f
C  0x00007ffde101ba50
C  0x00007ffde101b6f6
C  0x00007ffde10795fb
C  0x00007ffde107b013
C  0x00007ffde1053e70
C  0x00007ffde1053eed
C  0x00007ffde1053f91
C  0x00007ffde107a484
C  0x00007ffde104a486
C  0x00007ffde104a255
C  0x00007ffde1086a9f
C  0x000001c86d7d919c

Java frames: (J=compiled Java code, j=interpreted, Vv=VM code)
j  ui.views.waveform.waveformi.WVExecutive_getGraphicsDataSize(J)J+0
j  ui.views.waveform.executive.a.jBs()Ljava/io/ByteArrayInputStream;+8
j  ui.views.waveform.b.a.jAN()V+7
j  ui.views.waveform.b.a.iKd()V+1
j  ui.views.waveform.m.jzY()V+4
j  ui.views.waveform.m.GF(Z)V+11
j  ui.views.waveform.w.aE(ZZ)V+30
j  ui.views.waveform.c.b.j(Lui/frmwork/b/i;)V+94
j  ui.views.waveform.w.a(Lui/frmwork/b/i;)V+13
J 14465 c1 ui.frmwork.b.l.d(Lui/frmwork/b/i;)V (61 bytes) @ 0x000001c86fe4131c [0x000001c86fe40ac0+0x000000000000085c]
J 14450 c1 ui.frmwork.G.i(JZ)V (471 bytes) @ 0x000001c86fe0eb2c [0x000001c86fe0a340+0x00000000000047ec]
J 14451 c1 ui.frmwork.G.fireTclEvent(J)I (113 bytes) @ 0x000001c86fe1374c [0x000001c86fe12f40+0x000000000000080c]
v  ~StubRoutines::call_stub
j  ui.views.waveform.waveformi.WVExecutive_processModelEvent(JJ)V+0
j  ui.views.waveform.executive.a.fu(J)V+5
j  ui.views.waveform.c.b.ft(J)V+8
j  ui.views.waveform.c.b.j(Lui/frmwork/b/i;)V+127
j  ui.views.waveform.w.a(Lui/frmwork/b/i;)V+13
J 14465 c1 ui.frmwork.b.l.d(Lui/frmwork/b/i;)V (61 bytes) @ 0x000001c86fe4131c [0x000001c86fe40ac0+0x000000000000085c]
J 14450 c1 ui.frmwork.G.i(JZ)V (471 bytes) @ 0x000001c86fe0eb2c [0x000001c86fe0a340+0x00000000000047ec]
j  ui.frmwork.G.dp(J)V+3
j  ui.frmwork.G$$Lambda$207.run()V+8
J 14224 c2 java.awt.event.InvocationEvent.dispatch()V java.desktop@9.0.4 (69 bytes) @ 0x000001c875d0a9a8 [0x000001c875d0a7c0+0x00000000000001e8]
J 16823 c2 java.awt.EventQueue$3.run()Ljava/lang/Object; java.desktop@9.0.4 (5 bytes) @ 0x000001c876042138 [0x000001c876042060+0x00000000000000d8]
v  ~StubRoutines::call_stub
J 3879  java.security.AccessController.doPrivileged(Ljava/security/PrivilegedAction;Ljava/security/AccessControlContext;)Ljava/lang/Object; java.base@9.0.4 (0 bytes) @ 0x000001c8754c2246 [0x000001c8754c21e0+0x0000000000000066]
J 13796 c2 java.awt.EventQueue.dispatchEvent(Ljava/awt/AWTEvent;)V java.desktop@9.0.4 (80 bytes) @ 0x000001c875cb2418 [0x000001c875cb1ec0+0x0000000000000558]
J 13801 c2 ui.frmwork.b.d.dispatchEvent(Ljava/awt/AWTEvent;)V (34 bytes) @ 0x000001c875cb3e3c [0x000001c875cb3d60+0x00000000000000dc]
J 17058 c2 java.awt.EventDispatchThread.pumpOneEventForFilters(I)V java.desktop@9.0.4 (218 bytes) @ 0x000001c87609151c [0x000001c876090920+0x0000000000000bfc]
J 20754 c2 java.awt.EventDispatchThread.pumpEventsForFilter(ILjava/awt/Conditional;Ljava/awt/EventFilter;)V java.desktop@9.0.4 (47 bytes) @ 0x000001c8764a2670 [0x000001c8764a24c0+0x00000000000001b0]
j  java.awt.EventDispatchThread.pumpEventsForFilter(Ljava/awt/Conditional;Ljava/awt/EventFilter;)V+4 java.desktop@9.0.4
j  java.awt.WaitDispatchSupport$2.run()V+59 java.desktop@9.0.4
j  java.awt.WaitDispatchSupport$4.run()Ljava/lang/Void;+4 java.desktop@9.0.4
j  java.awt.WaitDispatchSupport$4.run()Ljava/lang/Object;+1 java.desktop@9.0.4
v  ~StubRoutines::call_stub
J 1041  java.security.AccessController.doPrivileged(Ljava/security/PrivilegedAction;)Ljava/lang/Object; java.base@9.0.4 (0 bytes) @ 0x000001c8752efab2 [0x000001c8752efa60+0x0000000000000052]
j  java.awt.WaitDispatchSupport.enter()Z+260 java.desktop@9.0.4
j  java.awt.Dialog.show()V+225 java.desktop@9.0.4
J 7391 c1 java.awt.Component.setVisible(Z)V java.desktop@9.0.4 (6 bytes) @ 0x000001c86f05d44c [0x000001c86f05d260+0x00000000000001ec]
j  java.awt.Window.setVisible(Z)V+2 java.desktop@9.0.4
j  java.awt.Dialog.setVisible(Z)V+2 java.desktop@9.0.4
j  ui.b.c.g.setVisible(Z)V+2
j  ui.b.c.bz.showDialog()V+64
j  ui.b.c.bI.actionPerformed(Ljava/awt/event/ActionEvent;)V+8
j  ui.b.c.bz.eWx()V+390
j  ui.views.c.t.b.a.run()V+60
j  ui.frmwork.a.gJb()Z+66
j  ui.frmwork.Y.gKQ()V+42
j  ui.bn.actionPerformed(Ljava/awt/event/ActionEvent;)V+25
j  javax.swing.AbstractButton.fireActionPerformed(Ljava/awt/event/ActionEvent;)V+84 java.desktop@9.0.4
j  ui.utils.swing.b.E.fireActionPerformed(Ljava/awt/event/ActionEvent;)V+7
j  javax.swing.AbstractButton$Handler.actionPerformed(Ljava/awt/event/ActionEvent;)V+5 java.desktop@9.0.4
j  javax.swing.DefaultButtonModel.fireActionPerformed(Ljava/awt/event/ActionEvent;)V+34 java.desktop@9.0.4
j  javax.swing.DefaultButtonModel.setPressed(Z)V+117 java.desktop@9.0.4
j  javax.swing.plaf.basic.BasicButtonListener.mouseReleased(Ljava/awt/event/MouseEvent;)V+35 java.desktop@9.0.4
j  com.jidesoft.plaf.basic.BasicJideButtonListener.mouseReleased(Ljava/awt/event/MouseEvent;)V+61
j  java.awt.AWTEventMulticaster.mouseReleased(Ljava/awt/event/MouseEvent;)V+8 java.desktop@9.0.4
j  java.awt.AWTEventMulticaster.mouseReleased(Ljava/awt/event/MouseEvent;)V+8 java.desktop@9.0.4
j  java.awt.AWTEventMulticaster.mouseReleased(Ljava/awt/event/MouseEvent;)V+8 java.desktop@9.0.4
j  java.awt.AWTEventMulticaster.mouseReleased(Ljava/awt/event/MouseEvent;)V+8 java.desktop@9.0.4
J 16156 c1 java.awt.Component.processMouseEvent(Ljava/awt/event/MouseEvent;)V java.desktop@9.0.4 (100 bytes) @ 0x000001c86eb6bcb4 [0x000001c86eb6b920+0x0000000000000394]
J 16155 c1 javax.swing.JComponent.processMouseEvent(Ljava/awt/event/MouseEvent;)V java.desktop@9.0.4 (27 bytes) @ 0x000001c86e9ff9ec [0x000001c86e9ff7e0+0x000000000000020c]
J 13784 c2 java.awt.Container.processEvent(Ljava/awt/AWTEvent;)V java.desktop@9.0.4 (22 bytes) @ 0x000001c875cae7c0 [0x000001c875cae6a0+0x0000000000000120]
J 20896 c2 java.awt.Component.dispatchEventImpl(Ljava/awt/AWTEvent;)V java.desktop@9.0.4 (739 bytes) @ 0x000001c8764fbfcc [0x000001c8764fb660+0x000000000000096c]
J 20812 c2 java.awt.Container.dispatchEventImpl(Ljava/awt/AWTEvent;)V java.desktop@9.0.4 (129 bytes) @ 0x000001c8764d2e18 [0x000001c8764d2dc0+0x0000000000000058]
J 20810 c2 java.awt.LightweightDispatcher.retargetMouseEvent(Ljava/awt/Component;ILjava/awt/event/MouseEvent;)V java.desktop@9.0.4 (350 bytes) @ 0x000001c8764d15cc [0x000001c8764d1060+0x000000000000056c]
J 20816 c2 java.awt.LightweightDispatcher.processMouseEvent(Ljava/awt/event/MouseEvent;)Z java.desktop@9.0.4 (265 bytes) @ 0x000001c8764dc3e4 [0x000001c8764dbc40+0x00000000000007a4]
J 20817 c2 java.awt.Window.dispatchEventImpl(Ljava/awt/AWTEvent;)V java.desktop@9.0.4 (23 bytes) @ 0x000001c8764ddc10 [0x000001c8764dd960+0x00000000000002b0]
J 16823 c2 java.awt.EventQueue$3.run()Ljava/lang/Object; java.desktop@9.0.4 (5 bytes) @ 0x000001c8760421c4 [0x000001c876042060+0x0000000000000164]
v  ~StubRoutines::call_stub
J 3879  java.security.AccessController.doPrivileged(Ljava/security/PrivilegedAction;Ljava/security/AccessControlContext;)Ljava/lang/Object; java.base@9.0.4 (0 bytes) @ 0x000001c8754c2246 [0x000001c8754c21e0+0x0000000000000066]
J 16301 c2 java.awt.EventQueue$4.run()Ljava/lang/Object; java.desktop@9.0.4 (5 bytes) @ 0x000001c875fa3dc0 [0x000001c875fa3b60+0x0000000000000260]
v  ~StubRoutines::call_stub
J 3879  java.security.AccessController.doPrivileged(Ljava/security/PrivilegedAction;Ljava/security/AccessControlContext;)Ljava/lang/Object; java.base@9.0.4 (0 bytes) @ 0x000001c8754c2246 [0x000001c8754c21e0+0x0000000000000066]
J 13796 c2 java.awt.EventQueue.dispatchEvent(Ljava/awt/AWTEvent;)V java.desktop@9.0.4 (80 bytes) @ 0x000001c875cb2240 [0x000001c875cb1ec0+0x0000000000000380]
J 13801 c2 ui.frmwork.b.d.dispatchEvent(Ljava/awt/AWTEvent;)V (34 bytes) @ 0x000001c875cb3e3c [0x000001c875cb3d60+0x00000000000000dc]
J 17058 c2 java.awt.EventDispatchThread.pumpOneEventForFilters(I)V java.desktop@9.0.4 (218 bytes) @ 0x000001c87609151c [0x000001c876090920+0x0000000000000bfc]
J 20674% c2 java.awt.EventDispatchThread.pumpEventsForFilter(ILjava/awt/Conditional;Ljava/awt/EventFilter;)V java.desktop@9.0.4 (47 bytes) @ 0x000001c8764719d8 [0x000001c8764718c0+0x0000000000000118]
j  java.awt.EventDispatchThread.pumpEventsForHierarchy(ILjava/awt/Conditional;Ljava/awt/Component;)V+11 java.desktop@9.0.4
j  java.awt.EventDispatchThread.pumpEvents(ILjava/awt/Conditional;)V+4 java.desktop@9.0.4
j  java.awt.EventDispatchThread.pumpEvents(Ljava/awt/Conditional;)V+3 java.desktop@9.0.4
j  java.awt.EventDispatchThread.run()V+9 java.desktop@9.0.4
v  ~StubRoutines::call_stub

siginfo: EXCEPTION_ACCESS_VIOLATION (0xc0000005), reading address 0x0000000000000044


Register to memory mapping:

RIP=0x00007ffe0f861ce9 is an unknown value
RAX=0x000001c8011be9d0 is an unknown value
RBX=0x000001c88fda2f20 is an unknown value
RCX=0x0000000000000000 is an unknown value
RDX=0x000001c8028216e0 is an unknown value
RSP=0x00000017de6f4960 is pointing into the stack for thread: 0x000001c8549df800
RBP=0x00000017de6f4b00 is pointing into the stack for thread: 0x000001c8549df800
RSI=0x000001c8028216e0 is an unknown value
RDI=0x0000000000000000 is an unknown value
R8 =0x00000017de6f4a00 is pointing into the stack for thread: 0x000001c8549df800
R9 =0x0000000000000018 is an unknown value
R10=0x0000000000000000 is an unknown value
R11=0x0000200000000008 is an unknown value
R12=0x000001c802ca5c80 is an unknown value
R13=0x0000000000000001 is an unknown value
R14=0x0000000000000000 is an unknown value
R15=0x00000017de6f4a00 is pointing into the stack for thread: 0x000001c8549df800


Registers:
RAX=0x000001c8011be9d0, RBX=0x000001c88fda2f20, RCX=0x0000000000000000, RDX=0x000001c8028216e0
RSP=0x00000017de6f4960, RBP=0x00000017de6f4b00, RSI=0x000001c8028216e0, RDI=0x0000000000000000
R8 =0x00000017de6f4a00, R9 =0x0000000000000018, R10=0x0000000000000000, R11=0x0000200000000008
R12=0x000001c802ca5c80, R13=0x0000000000000001, R14=0x0000000000000000, R15=0x00000017de6f4a00
RIP=0x00007ffe0f861ce9, EFLAGS=0x0000000000010206

Top of Stack: (sp=0x00000017de6f4960)
0x00000017de6f4960:   00000017de6f5058 0000000000000000
0x00000017de6f4970:   0000000000000000 000001c802ca5c80
0x00000017de6f4980:   000001c88fda2f20 0000000000000024
0x00000017de6f4990:   fffffffffffffffe 00007ffe94c5f706
0x00000017de6f49a0:   0000000000000000 00000000000004f8
0x00000017de6f49b0:   00000017de6f5058 0000000000000000
0x00000017de6f49c0:   00000017de6f4ac0 00007ffe0f875ae7
0x00000017de6f49d0:   00000000000004f8 000001c88fda2f20
0x00000017de6f49e0:   000001c8011be9d0 000001c80145f2f8
0x00000017de6f49f0:   000001c88fda2f20 00007ffe0f8757f2
0x00000017de6f4a00:   000001c88fda2f20 000001c80145f2d0
0x00000017de6f4a10:   0000000000000024 000001c80145f2d0
0x00000017de6f4a20:   000001c80145f2d0 0000000000001dfc
0x00000017de6f4a30:   0000000000000148 000001c802ca5c80
0x00000017de6f4a40:   00000017de6f4c10 000001c80145fe60
0x00000017de6f4a50:   0000000000000001 0000001700000000 

Instructions: (pc=0x00007ffe0f861ce9)
0x00007ffe0f861cc9:   50 48 c7 44 24 30 fe ff ff ff 48 89 5c 24 78 48
0x00007ffe0f861cd9:   89 b4 24 80 00 00 00 4d 8b f8 48 8b f2 48 8b f9
0x00007ffe0f861ce9:   83 79 44 00 75 07 33 c0 e9 d5 00 00 00 48 8b 41
0x00007ffe0f861cf9:   48 8b 00 33 db 8b d0 48 03 51 28 48 8d 4c 24 38 



---------------  P R O C E S S  ---------------

Java Threads: ( => current thread )
  0x000001c86a647000 JavaThread "Relaunch Simulation Thread" [_thread_blocked, id=19940, stack(0x00000017e3300000,0x00000017e3800000)]
  0x000001c87d847000 JavaThread "SyntheticaAnimation 50" daemon [_thread_blocked, id=19096, stack(0x00000017ddd00000,0x00000017de200000)]
  0x000001c87d844000 JavaThread "Update Runs Swing Worker Thread" [_thread_blocked, id=21392, stack(0x00000017e2a00000,0x00000017e2f00000)]
  0x000001c87d841000 JavaThread "hw_ila_monitor" [_thread_blocked, id=16200, stack(0x00000017e1100000,0x00000017e1600000)]
  0x000001c87d840000 JavaThread "Refresh Filesets Swing Worker Thread" [_thread_blocked, id=20408, stack(0x00000017df100000,0x00000017df600000)]
  0x000001c87d843000 JavaThread "SyntheticaAnimation 70" daemon [_thread_blocked, id=20656, stack(0x00000017e1600000,0x00000017e1b00000)]
  0x000001c86a64b000 JavaThread "SyntheticaAnimation 25" daemon [_thread_blocked, id=18472, stack(0x00000017e0700000,0x00000017e0c00000)]
  0x000001c86a646800 JavaThread "SyntheticaAnimation 50" daemon [_thread_blocked, id=18912, stack(0x00000017e0200000,0x00000017e0700000)]
  0x000001c86a64a000 JavaThread "Monitor HEventQueue Thread" [_thread_blocked, id=12120, stack(0x00000017dfd00000,0x00000017e0200000)]
  0x000001c86a645800 JavaThread "SyntheticaCleanerThread" daemon [_thread_blocked, id=10004, stack(0x00000017df600000,0x00000017dfb00000)]
  0x000001c86a648000 JavaThread "Batik CleanerThread" daemon [_thread_blocked, id=16324, stack(0x00000017de700000,0x00000017dec00000)]
  0x000001c86756f000 JavaThread "Process Messages Thread" [_thread_blocked, id=6968, stack(0x00000017dec00000,0x00000017df100000)]
  0x000001c86744a800 JavaThread "Thread-1" [_thread_in_native, id=2860, stack(0x00000017d7400000,0x00000017d8800000)]
=>0x000001c8549df800 JavaThread "AWT-EventQueue-0" [_thread_in_native, id=17880, stack(0x00000017de200000,0x00000017de700000)]
  0x000001c86717d800 JavaThread "TimerQueue" daemon [_thread_blocked, id=12960, stack(0x00000017dd800000,0x00000017ddd00000)]
  0x000001c866dc4800 JavaThread "AWT-Windows" daemon [_thread_in_native, id=20744, stack(0x00000017dd300000,0x00000017dd800000)]
  0x000001c86705f000 JavaThread "AWT-Shutdown" [_thread_blocked, id=19020, stack(0x00000017dce00000,0x00000017dd300000)]
  0x000001c86705d000 JavaThread "Java2D Disposer" daemon [_thread_blocked, id=18736, stack(0x00000017dc900000,0x00000017dce00000)]
  0x000001c8668ed000 JavaThread "Service Thread" daemon [_thread_blocked, id=21296, stack(0x00000017dc300000,0x00000017dc800000)]
  0x000001c86d377000 JavaThread "Common-Cleaner" daemon [_thread_blocked, id=21080, stack(0x00000017dbe00000,0x00000017dc300000)]
  0x000001c86a648800 JavaThread "Sweeper thread" daemon [_thread_blocked, id=5040, stack(0x00000017db900000,0x00000017dbe00000)]
  0x000001c86a63d800 JavaThread "C1 CompilerThread3" daemon [_thread_blocked, id=10804, stack(0x00000017db800000,0x00000017db900000)]
  0x000001c86d376800 JavaThread "C2 CompilerThread2" daemon [_thread_blocked, id=19916, stack(0x00000017db700000,0x00000017db800000)]
  0x000001c86d417800 JavaThread "C2 CompilerThread1" daemon [_thread_blocked, id=17692, stack(0x00000017db600000,0x00000017db700000)]
  0x000001c86ccef000 JavaThread "C2 CompilerThread0" daemon [_thread_blocked, id=7688, stack(0x00000017db500000,0x00000017db600000)]
  0x000001c86ccee800 JavaThread "Attach Listener" daemon [_thread_blocked, id=19412, stack(0x00000017db000000,0x00000017db500000)]
  0x000001c86a638000 JavaThread "Signal Dispatcher" daemon [_thread_blocked, id=18800, stack(0x00000017dab00000,0x00000017db000000)]
  0x000001c86d269000 JavaThread "Finalizer" daemon [_thread_blocked, id=21004, stack(0x00000017da600000,0x00000017dab00000)]
  0x000001c86675a800 JavaThread "Reference Handler" daemon [_thread_blocked, id=18668, stack(0x00000017da100000,0x00000017da600000)]
  0x000001c86d389000 JavaThread "main" [_thread_blocked, id=852, stack(0x00000017d7300000,0x00000017d7400000)]

Other Threads:
  0x000001c86d5d7000 VMThread "VM Thread" [stack: 0x00000017da000000,0x00000017da100000] [id=19924]
  0x000001c8668ef000 WatcherThread [stack: 0x00000017dc800000,0x00000017dc900000] [id=18984]
  0x000001c86d109800 GCTaskThread "GC Thread#0" [stack: 0x00000017d8c00000,0x00000017d8d00000] [id=20612]
  0x000001c86d108000 GCTaskThread "GC Thread#1" [stack: 0x00000017d8d00000,0x00000017d8e00000] [id=7568]
  0x000001c86d105000 GCTaskThread "GC Thread#2" [stack: 0x00000017d8e00000,0x00000017d8f00000] [id=13156]
  0x000001c86d107800 GCTaskThread "GC Thread#3" [stack: 0x00000017d8f00000,0x00000017d9000000] [id=11176]
  0x000001c86d107000 GCTaskThread "GC Thread#4" [stack: 0x00000017d9000000,0x00000017d9100000] [id=19192]
  0x000001c86d103800 GCTaskThread "GC Thread#5" [stack: 0x00000017d9100000,0x00000017d9200000] [id=18604]
  0x000001c86d104800 GCTaskThread "GC Thread#6" [stack: 0x00000017d9200000,0x00000017d9300000] [id=8340]
  0x000001c86d105800 GCTaskThread "GC Thread#7" [stack: 0x00000017d9300000,0x00000017d9400000] [id=18692]
  0x000001c86d47e800 ConcurrentGCThread "G1 Main Marker" [stack: 0x00000017d9d00000,0x00000017d9e00000] [id=17864]
  0x000001c86d109000 ConcurrentGCThread "G1 Marker#0" [stack: 0x00000017d9e00000,0x00000017d9f00000] [id=816]
  0x000001c86d10a000 ConcurrentGCThread "G1 Marker#1" [stack: 0x00000017d9f00000,0x00000017da000000] [id=10548]
  0x000001c86d499800 ConcurrentGCThread "G1 Refine#0" [stack: 0x00000017d9b00000,0x00000017d9c00000] [id=7732]
  0x000001c86a792000 ConcurrentGCThread "G1 Refine#1" [stack: 0x00000017d9a00000,0x00000017d9b00000] [id=8660]
  0x000001c86a791800 ConcurrentGCThread "G1 Refine#2" [stack: 0x00000017d9900000,0x00000017d9a00000] [id=6448]
  0x000001c86d2ef000 ConcurrentGCThread "G1 Refine#3" [stack: 0x00000017d9800000,0x00000017d9900000] [id=20300]
  0x000001c86d319000 ConcurrentGCThread "G1 Refine#4" [stack: 0x00000017d9700000,0x00000017d9800000] [id=4324]
  0x000001c86d333000 ConcurrentGCThread "G1 Refine#5" [stack: 0x00000017d9600000,0x00000017d9700000] [id=20628]
  0x000001c86cadf000 ConcurrentGCThread "G1 Refine#6" [stack: 0x00000017d9500000,0x00000017d9600000] [id=8544]
  0x000001c86cade800 ConcurrentGCThread "G1 Refine#7" [stack: 0x00000017d9400000,0x00000017d9500000] [id=20452]
  0x000001c86d10b000 ConcurrentGCThread "G1 Young RemSet Sampling" [stack: 0x00000017d9c00000,0x00000017d9d00000] [id=8336]

Threads with active compile tasks:

VM state:not at safepoint (normal execution)

VM Mutex/Monitor currently owned by a thread: None

Heap address: 0x0000000700000000, size: 3072 MB, Compressed Oops mode: Zero based, Oop shift amount: 3
Narrow klass base: 0x0000000000000000, Narrow klass shift: 3
Compressed class space size: 1073741824 Address: 0x00000007c0000000

Heap:
 garbage-first heap   total 276480K, used 133899K [0x0000000700000000, 0x0000000700100870, 0x00000007c0000000)
  region size 1024K, 45 young (46080K), 1 survivors (1024K)
 Metaspace       used 90353K, capacity 96615K, committed 96892K, reserved 1132544K
  class space    used 13032K, capacity 14113K, committed 14204K, reserved 1048576K
Heap Regions: E=young(eden), S=young(survivor), O=old, HS=humongous(starts), HC=humongous(continues), CS=collection set, F=free, A=archive, TS=gc time stamp, AC=allocation context, TAMS=top-at-mark-start (previous, next)
|   0|0x0000000700000000, 0x0000000700100000, 0x0000000700100000|100%| O|  |TS  0|AC  0|TAMS 0x0000000700000000, 0x0000000700000000|
|   1|0x0000000700100000, 0x00000007001ece98, 0x0000000700200000| 92%| O|  |TS  0|AC  0|TAMS 0x0000000700100000, 0x0000000700100000|
|   2|0x0000000700200000, 0x0000000700300000, 0x0000000700300000|100%|HS|  |TS  0|AC  0|TAMS 0x0000000700200000, 0x0000000700200000|
|   3|0x0000000700300000, 0x0000000700400000, 0x0000000700400000|100%|HC|  |TS  0|AC  0|TAMS 0x0000000700300000, 0x0000000700300000|
|   4|0x0000000700400000, 0x0000000700500000, 0x0000000700500000|100%|HS|  |TS  0|AC  0|TAMS 0x0000000700400000, 0x0000000700400000|
|   5|0x0000000700500000, 0x00000007005e4cb8, 0x0000000700600000| 89%| O|  |TS  0|AC  0|TAMS 0x0000000700500000, 0x0000000700500000|
|   6|0x0000000700600000, 0x00000007006fb098, 0x0000000700700000| 98%| O|  |TS  0|AC  0|TAMS 0x0000000700600000, 0x0000000700600000|
|   7|0x0000000700700000, 0x00000007007c2388, 0x0000000700800000| 75%| O|  |TS  0|AC  0|TAMS 0x0000000700700000, 0x0000000700700000|
|   8|0x0000000700800000, 0x00000007008feea0, 0x0000000700900000| 99%| O|  |TS  0|AC  0|TAMS 0x0000000700800000, 0x0000000700800000|
|   9|0x0000000700900000, 0x00000007009ff2d8, 0x0000000700a00000| 99%| O|  |TS  0|AC  0|TAMS 0x0000000700900000, 0x0000000700900000|
|  10|0x0000000700a00000, 0x0000000700aff7c0, 0x0000000700b00000| 99%| O|  |TS  0|AC  0|TAMS 0x0000000700a00000, 0x0000000700a00000|
|  11|0x0000000700b00000, 0x0000000700bffff8, 0x0000000700c00000| 99%| O|  |TS  0|AC  0|TAMS 0x0000000700b00000, 0x0000000700b00000|
|  12|0x0000000700c00000, 0x0000000700d00000, 0x0000000700d00000|100%| O|  |TS  0|AC  0|TAMS 0x0000000700c00000, 0x0000000700c00000|
|  13|0x0000000700d00000, 0x0000000700dffff0, 0x0000000700e00000| 99%| O|  |TS  0|AC  0|TAMS 0x0000000700d00000, 0x0000000700d00000|
|  14|0x0000000700e00000, 0x0000000700effff0, 0x0000000700f00000| 99%| O|  |TS  0|AC  0|TAMS 0x0000000700e00000, 0x0000000700e00000|
|  15|0x0000000700f00000, 0x0000000700fffff8, 0x0000000701000000| 99%| O|  |TS  0|AC  0|TAMS 0x0000000700f00000, 0x0000000700f00000|
|  16|0x0000000701000000, 0x0000000701100000, 0x0000000701100000|100%|HS|  |TS  0|AC  0|TAMS 0x0000000701000000, 0x0000000701000000|
|  17|0x0000000701100000, 0x00000007011fe8b8, 0x0000000701200000| 99%| O|  |TS  0|AC  0|TAMS 0x0000000701100000, 0x0000000701100000|
|  18|0x0000000701200000, 0x00000007012d2488, 0x0000000701300000| 82%| O|  |TS  0|AC  0|TAMS 0x0000000701200000, 0x0000000701200000|
|  19|0x0000000701300000, 0x00000007013fffb8, 0x0000000701400000| 99%| O|  |TS  0|AC  0|TAMS 0x0000000701300000, 0x0000000701300000|
|  20|0x0000000701400000, 0x00000007014ff060, 0x0000000701500000| 99%| O|  |TS  0|AC  0|TAMS 0x0000000701400000, 0x0000000701400000|
|  21|0x0000000701500000, 0x00000007015ffff0, 0x0000000701600000| 99%| O|  |TS  0|AC  0|TAMS 0x0000000701500000, 0x0000000701500000|
|  22|0x0000000701600000, 0x00000007016ffff8, 0x0000000701700000| 99%| O|  |TS  0|AC  0|TAMS 0x0000000701600000, 0x0000000701600000|
|  23|0x0000000701700000, 0x0000000701800000, 0x0000000701800000|100%| O|  |TS  0|AC  0|TAMS 0x0000000701700000, 0x0000000701700000|
|  24|0x0000000701800000, 0x00000007018ffff8, 0x0000000701900000| 99%| O|  |TS  0|AC  0|TAMS 0x0000000701800000, 0x0000000701800000|
|  25|0x0000000701900000, 0x00000007019fefa8, 0x0000000701a00000| 99%| O|  |TS  0|AC  0|TAMS 0x0000000701900000, 0x0000000701900000|
|  26|0x0000000701a00000, 0x0000000701afffe8, 0x0000000701b00000| 99%| O|  |TS  0|AC  0|TAMS 0x0000000701a00000, 0x0000000701a00000|
|  27|0x0000000701b00000, 0x0000000701bffff8, 0x0000000701c00000| 99%| O|  |TS  0|AC  0|TAMS 0x0000000701b00000, 0x0000000701b00000|
|  28|0x0000000701c00000, 0x0000000701cfffe8, 0x0000000701d00000| 99%| O|  |TS  0|AC  0|TAMS 0x0000000701c00000, 0x0000000701c00000|
|  29|0x0000000701d00000, 0x0000000701dffff0, 0x0000000701e00000| 99%| O|  |TS  0|AC  0|TAMS 0x0000000701d00000, 0x0000000701d00000|
|  30|0x0000000701e00000, 0x0000000701efffe8, 0x0000000701f00000| 99%| O|  |TS  0|AC  0|TAMS 0x0000000701e00000, 0x0000000701e00000|
|  31|0x0000000701f00000, 0x0000000701ffffd8, 0x0000000702000000| 99%| O|  |TS  0|AC  0|TAMS 0x0000000701f00000, 0x0000000701f00000|
|  32|0x0000000702000000, 0x00000007020fffb0, 0x0000000702100000| 99%| O|  |TS  0|AC  0|TAMS 0x0000000702000000, 0x0000000702000000|
|  33|0x0000000702100000, 0x00000007021ffe50, 0x0000000702200000| 99%| O|  |TS  0|AC  0|TAMS 0x0000000702100000, 0x0000000702100000|
|  34|0x0000000702200000, 0x00000007022ffff8, 0x0000000702300000| 99%| O|  |TS  0|AC  0|TAMS 0x0000000702200000, 0x0000000702200000|
|  35|0x0000000702300000, 0x00000007023fffe8, 0x0000000702400000| 99%| O|  |TS  0|AC  0|TAMS 0x0000000702300000, 0x0000000702300000|
|  36|0x0000000702400000, 0x00000007024ffe58, 0x0000000702500000| 99%| O|  |TS  0|AC  0|TAMS 0x0000000702400000, 0x0000000702400000|
|  37|0x0000000702500000, 0x00000007025fffb8, 0x0000000702600000| 99%| O|  |TS  0|AC  0|TAMS 0x0000000702500000, 0x0000000702500000|
|  38|0x0000000702600000, 0x0000000702700000, 0x0000000702700000|100%| O|  |TS  0|AC  0|TAMS 0x0000000702600000, 0x0000000702600000|
|  39|0x0000000702700000, 0x00000007027ffff8, 0x0000000702800000| 99%| O|  |TS  0|AC  0|TAMS 0x0000000702700000, 0x0000000702700000|
|  40|0x0000000702800000, 0x00000007028fffa0, 0x0000000702900000| 99%| O|  |TS  0|AC  0|TAMS 0x0000000702800000, 0x0000000702800000|
|  41|0x0000000702900000, 0x0000000702a00000, 0x0000000702a00000|100%| O|  |TS  0|AC  0|TAMS 0x0000000702900000, 0x0000000702900000|
|  42|0x0000000702a00000, 0x0000000702afffe8, 0x0000000702b00000| 99%| O|  |TS  0|AC  0|TAMS 0x0000000702a00000, 0x0000000702a00000|
|  43|0x0000000702b00000, 0x0000000702bffff0, 0x0000000702c00000| 99%| O|  |TS  0|AC  0|TAMS 0x0000000702b00000, 0x0000000702b00000|
|  44|0x0000000702c00000, 0x0000000702cffff0, 0x0000000702d00000| 99%| O|  |TS  0|AC  0|TAMS 0x0000000702c00000, 0x0000000702c00000|
|  45|0x0000000702d00000, 0x0000000702e00000, 0x0000000702e00000|100%| O|  |TS  0|AC  0|TAMS 0x0000000702d00000, 0x0000000702d00000|
|  46|0x0000000702e00000, 0x0000000702f00000, 0x0000000702f00000|100%| O|  |TS  0|AC  0|TAMS 0x0000000702e00000, 0x0000000702e00000|
|  47|0x0000000702f00000, 0x0000000702ffffc8, 0x0000000703000000| 99%| O|  |TS  0|AC  0|TAMS 0x0000000702f00000, 0x0000000702f00000|
|  48|0x0000000703000000, 0x00000007030ffff8, 0x0000000703100000| 99%| O|  |TS  0|AC  0|TAMS 0x0000000703000000, 0x0000000703000000|
|  49|0x0000000703100000, 0x00000007031ec120, 0x0000000703200000| 92%| O|  |TS  0|AC  0|TAMS 0x0000000703100000, 0x0000000703100000|
|  50|0x0000000703200000, 0x00000007032e0258, 0x0000000703300000| 87%| O|  |TS  0|AC  0|TAMS 0x0000000703200000, 0x0000000703200000|
|  51|0x0000000703300000, 0x00000007033ffff0, 0x0000000703400000| 99%| O|  |TS  0|AC  0|TAMS 0x0000000703300000, 0x0000000703300000|
|  52|0x0000000703400000, 0x00000007034fffd8, 0x0000000703500000| 99%| O|  |TS  0|AC  0|TAMS 0x0000000703400000, 0x0000000703400000|
|  53|0x0000000703500000, 0x0000000703600000, 0x0000000703600000|100%| O|  |TS  0|AC  0|TAMS 0x0000000703500000, 0x0000000703500000|
|  54|0x0000000703600000, 0x00000007036fffe0, 0x0000000703700000| 99%| O|  |TS  0|AC  0|TAMS 0x0000000703600000, 0x0000000703600000|
|  55|0x0000000703700000, 0x0000000703800000, 0x0000000703800000|100%|HS|  |TS  0|AC  0|TAMS 0x0000000703700000, 0x0000000703700000|
|  56|0x0000000703800000, 0x0000000703900000, 0x0000000703900000|100%|HC|  |TS  0|AC  0|TAMS 0x0000000703800000, 0x0000000703800000|
|  57|0x0000000703900000, 0x0000000703a00000, 0x0000000703a00000|100%|HC|  |TS  0|AC  0|TAMS 0x0000000703900000, 0x0000000703900000|
|  58|0x0000000703a00000, 0x0000000703b00000, 0x0000000703b00000|100%|HC|  |TS  0|AC  0|TAMS 0x0000000703a00000, 0x0000000703a00000|
|  59|0x0000000703b00000, 0x0000000703c00000, 0x0000000703c00000|100%|HC|  |TS  0|AC  0|TAMS 0x0000000703b00000, 0x0000000703b00000|
|  60|0x0000000703c00000, 0x0000000703d00000, 0x0000000703d00000|100%|HC|  |TS  0|AC  0|TAMS 0x0000000703c00000, 0x0000000703c00000|
|  61|0x0000000703d00000, 0x0000000703e00000, 0x0000000703e00000|100%|HC|  |TS  0|AC  0|TAMS 0x0000000703d00000, 0x0000000703d00000|
|  62|0x0000000703e00000, 0x0000000703f00000, 0x0000000703f00000|100%|HC|  |TS  0|AC  0|TAMS 0x0000000703e00000, 0x0000000703e00000|
|  63|0x0000000703f00000, 0x0000000703ffffe8, 0x0000000704000000| 99%| O|  |TS  0|AC  0|TAMS 0x0000000703f00000, 0x0000000703f00000|
|  64|0x0000000704000000, 0x00000007040ff948, 0x0000000704100000| 99%| O|  |TS  0|AC  0|TAMS 0x0000000704000000, 0x0000000704000000|
|  65|0x0000000704100000, 0x00000007041fffe8, 0x0000000704200000| 99%| O|  |TS  0|AC  0|TAMS 0x0000000704100000, 0x0000000704100000|
|  66|0x0000000704200000, 0x00000007042fffd8, 0x0000000704300000| 99%| O|  |TS  0|AC  0|TAMS 0x0000000704200000, 0x0000000704200000|
|  67|0x0000000704300000, 0x0000000704400000, 0x0000000704400000|100%| O|  |TS  0|AC  0|TAMS 0x0000000704300000, 0x0000000704300000|
|  68|0x0000000704400000, 0x00000007044ffc20, 0x0000000704500000| 99%| O|  |TS  0|AC  0|TAMS 0x0000000704400000, 0x0000000704400000|
|  69|0x0000000704500000, 0x0000000704600000, 0x0000000704600000|100%| O|  |TS  0|AC  0|TAMS 0x0000000704500000, 0x0000000704500000|
|  70|0x0000000704600000, 0x00000007046ffff8, 0x0000000704700000| 99%| O|  |TS  0|AC  0|TAMS 0x0000000704600000, 0x0000000704600000|
|  71|0x0000000704700000, 0x00000007047ffff0, 0x0000000704800000| 99%| O|  |TS  0|AC  0|TAMS 0x0000000704700000, 0x0000000704700000|
|  72|0x0000000704800000, 0x00000007048ffff8, 0x0000000704900000| 99%| O|  |TS  0|AC  0|TAMS 0x0000000704800000, 0x0000000704800000|
|  73|0x0000000704900000, 0x00000007049ffff8, 0x0000000704a00000| 99%| O|  |TS  0|AC  0|TAMS 0x0000000704900000, 0x0000000704900000|
|  74|0x0000000704a00000, 0x0000000704affff8, 0x0000000704b00000| 99%| O|  |TS  0|AC  0|TAMS 0x0000000704a00000, 0x0000000704a00000|
|  75|0x0000000704b00000, 0x0000000704bfffd8, 0x0000000704c00000| 99%| O|  |TS  0|AC  0|TAMS 0x0000000704b00000, 0x0000000704b00000|
|  76|0x0000000704c00000, 0x0000000704cffff0, 0x0000000704d00000| 99%| O|  |TS  0|AC  0|TAMS 0x0000000704c00000, 0x0000000704c00000|
|  77|0x0000000704d00000, 0x0000000704dffee0, 0x0000000704e00000| 99%| O|  |TS  0|AC  0|TAMS 0x0000000704d00000, 0x0000000704d00000|
|  78|0x0000000704e00000, 0x0000000704effff8, 0x0000000704f00000| 99%| O|  |TS  0|AC  0|TAMS 0x0000000704e00000, 0x0000000704e00000|
|  79|0x0000000704f00000, 0x0000000704fffff8, 0x0000000705000000| 99%| O|  |TS  0|AC  0|TAMS 0x0000000704f00000, 0x0000000704f00000|
|  80|0x0000000705000000, 0x00000007050fffe8, 0x0000000705100000| 99%| O|  |TS  0|AC  0|TAMS 0x0000000705000000, 0x0000000705000000|
|  81|0x0000000705100000, 0x00000007051fff10, 0x0000000705200000| 99%| O|  |TS  0|AC  0|TAMS 0x0000000705100000, 0x0000000705100000|
|  82|0x0000000705200000, 0x00000007052ffff0, 0x0000000705300000| 99%| O|  |TS  0|AC  0|TAMS 0x0000000705200000, 0x0000000705200000|
|  83|0x0000000705300000, 0x0000000705400000, 0x0000000705400000|100%| O|  |TS  0|AC  0|TAMS 0x0000000705300000, 0x0000000705300000|
|  84|0x0000000705400000, 0x000000070543bc68, 0x0000000705500000| 23%| O|  |TS  0|AC  0|TAMS 0x0000000705400000, 0x0000000705400000|
|  85|0x0000000705500000, 0x0000000705500000, 0x0000000705600000|  0%| F|  |TS  0|AC  0|TAMS 0x0000000705500000, 0x0000000705500000|
|  86|0x0000000705600000, 0x0000000705600000, 0x0000000705700000|  0%| F|  |TS  0|AC  0|TAMS 0x0000000705600000, 0x0000000705600000|
|  87|0x0000000705700000, 0x0000000705700000, 0x0000000705800000|  0%| F|  |TS  0|AC  0|TAMS 0x0000000705700000, 0x0000000705700000|
|  88|0x0000000705800000, 0x0000000705800000, 0x0000000705900000|  0%| F|  |TS  0|AC  0|TAMS 0x0000000705800000, 0x0000000705800000|
|  89|0x0000000705900000, 0x0000000705900000, 0x0000000705a00000|  0%| F|  |TS  0|AC  0|TAMS 0x0000000705900000, 0x0000000705900000|
|  90|0x0000000705a00000, 0x0000000705a00000, 0x0000000705b00000|  0%| F|  |TS  0|AC  0|TAMS 0x0000000705a00000, 0x0000000705a00000|
|  91|0x0000000705b00000, 0x0000000705b00000, 0x0000000705c00000|  0%| F|  |TS  0|AC  0|TAMS 0x0000000705b00000, 0x0000000705b00000|
|  92|0x0000000705c00000, 0x0000000705c00000, 0x0000000705d00000|  0%| F|  |TS  0|AC  0|TAMS 0x0000000705c00000, 0x0000000705c00000|
|  93|0x0000000705d00000, 0x0000000705e00000, 0x0000000705e00000|100%|HS|  |TS  0|AC  0|TAMS 0x0000000705d00000, 0x0000000705d00000|
|  94|0x0000000705e00000, 0x0000000705f00000, 0x0000000705f00000|100%|HC|  |TS  0|AC  0|TAMS 0x0000000705e00000, 0x0000000705e00000|
|  95|0x0000000705f00000, 0x0000000706000000, 0x0000000706000000|100%|HC|  |TS  0|AC  0|TAMS 0x0000000705f00000, 0x0000000705f00000|
|  96|0x0000000706000000, 0x0000000706100000, 0x0000000706100000|100%|HC|  |TS  0|AC  0|TAMS 0x0000000706000000, 0x0000000706000000|
|  97|0x0000000706100000, 0x0000000706100000, 0x0000000706200000|  0%| F|  |TS  0|AC  0|TAMS 0x0000000706100000, 0x0000000706100000|
|  98|0x0000000706200000, 0x0000000706200000, 0x0000000706300000|  0%| F|  |TS  0|AC  0|TAMS 0x0000000706200000, 0x0000000706200000|
|  99|0x0000000706300000, 0x0000000706300000, 0x0000000706400000|  0%| F|  |TS  0|AC  0|TAMS 0x0000000706300000, 0x0000000706300000|
| 100|0x0000000706400000, 0x0000000706400000, 0x0000000706500000|  0%| F|  |TS  0|AC  0|TAMS 0x0000000706400000, 0x0000000706400000|
| 101|0x0000000706500000, 0x0000000706500000, 0x0000000706600000|  0%| F|  |TS  0|AC  0|TAMS 0x0000000706500000, 0x0000000706500000|
| 102|0x0000000706600000, 0x0000000706600000, 0x0000000706700000|  0%| F|  |TS  0|AC  0|TAMS 0x0000000706600000, 0x0000000706600000|
| 103|0x0000000706700000, 0x0000000706700000, 0x0000000706800000|  0%| F|  |TS  0|AC  0|TAMS 0x0000000706700000, 0x0000000706700000|
| 104|0x0000000706800000, 0x0000000706800000, 0x0000000706900000|  0%| F|  |TS  0|AC  0|TAMS 0x0000000706800000, 0x0000000706800000|
| 105|0x0000000706900000, 0x0000000706900000, 0x0000000706a00000|  0%| F|  |TS  0|AC  0|TAMS 0x0000000706900000, 0x0000000706900000|
| 106|0x0000000706a00000, 0x0000000706a00000, 0x0000000706b00000|  0%| F|  |TS  0|AC  0|TAMS 0x0000000706a00000, 0x0000000706a00000|
| 107|0x0000000706b00000, 0x0000000706b00000, 0x0000000706c00000|  0%| F|  |TS  0|AC  0|TAMS 0x0000000706b00000, 0x0000000706b00000|
| 108|0x0000000706c00000, 0x0000000706c00000, 0x0000000706d00000|  0%| F|  |TS  0|AC  0|TAMS 0x0000000706c00000, 0x0000000706c00000|
| 109|0x0000000706d00000, 0x0000000706d00000, 0x0000000706e00000|  0%| F|  |TS  0|AC  0|TAMS 0x0000000706d00000, 0x0000000706d00000|
| 110|0x0000000706e00000, 0x0000000706e00000, 0x0000000706f00000|  0%| F|  |TS  0|AC  0|TAMS 0x0000000706e00000, 0x0000000706e00000|
| 111|0x0000000706f00000, 0x0000000706f00000, 0x0000000707000000|  0%| F|  |TS  0|AC  0|TAMS 0x0000000706f00000, 0x0000000706f00000|
| 112|0x0000000707000000, 0x0000000707000000, 0x0000000707100000|  0%| F|  |TS  0|AC  0|TAMS 0x0000000707000000, 0x0000000707000000|
| 113|0x0000000707100000, 0x0000000707100000, 0x0000000707200000|  0%| F|  |TS  0|AC  0|TAMS 0x0000000707100000, 0x0000000707100000|
| 114|0x0000000707200000, 0x0000000707200000, 0x0000000707300000|  0%| F|  |TS  0|AC  0|TAMS 0x0000000707200000, 0x0000000707200000|
| 115|0x0000000707300000, 0x0000000707300000, 0x0000000707400000|  0%| F|  |TS  0|AC  0|TAMS 0x0000000707300000, 0x0000000707300000|
| 116|0x0000000707400000, 0x0000000707400000, 0x0000000707500000|  0%| F|  |TS  0|AC  0|TAMS 0x0000000707400000, 0x0000000707400000|
| 117|0x0000000707500000, 0x0000000707500000, 0x0000000707600000|  0%| F|  |TS  0|AC  0|TAMS 0x0000000707500000, 0x0000000707500000|
| 118|0x0000000707600000, 0x0000000707600000, 0x0000000707700000|  0%| F|  |TS  0|AC  0|TAMS 0x0000000707600000, 0x0000000707600000|
| 119|0x0000000707700000, 0x0000000707700000, 0x0000000707800000|  0%| F|  |TS  0|AC  0|TAMS 0x0000000707700000, 0x0000000707700000|
| 120|0x0000000707800000, 0x0000000707800000, 0x0000000707900000|  0%| F|  |TS  0|AC  0|TAMS 0x0000000707800000, 0x0000000707800000|
| 121|0x0000000707900000, 0x0000000707900000, 0x0000000707a00000|  0%| F|  |TS  0|AC  0|TAMS 0x0000000707900000, 0x0000000707900000|
| 122|0x0000000707a00000, 0x0000000707a00000, 0x0000000707b00000|  0%| F|  |TS  0|AC  0|TAMS 0x0000000707a00000, 0x0000000707a00000|
| 123|0x0000000707b00000, 0x0000000707b00000, 0x0000000707c00000|  0%| F|  |TS  0|AC  0|TAMS 0x0000000707b00000, 0x0000000707b00000|
| 124|0x0000000707c00000, 0x0000000707c00000, 0x0000000707d00000|  0%| F|  |TS  0|AC  0|TAMS 0x0000000707c00000, 0x0000000707c00000|
| 125|0x0000000707d00000, 0x0000000707d00000, 0x0000000707e00000|  0%| F|  |TS  0|AC  0|TAMS 0x0000000707d00000, 0x0000000707d00000|
| 126|0x0000000707e00000, 0x0000000707e00000, 0x0000000707f00000|  0%| F|  |TS  0|AC  0|TAMS 0x0000000707e00000, 0x0000000707e00000|
| 127|0x0000000707f00000, 0x0000000707f00000, 0x0000000708000000|  0%| F|  |TS  0|AC  0|TAMS 0x0000000707f00000, 0x0000000707f00000|
| 128|0x0000000708000000, 0x0000000708000000, 0x0000000708100000|  0%| F|  |TS  0|AC  0|TAMS 0x0000000708000000, 0x0000000708000000|
| 129|0x0000000708100000, 0x0000000708100000, 0x0000000708200000|  0%| F|  |TS  0|AC  0|TAMS 0x0000000708100000, 0x0000000708100000|
| 130|0x0000000708200000, 0x0000000708200000, 0x0000000708300000|  0%| F|  |TS  0|AC  0|TAMS 0x0000000708200000, 0x0000000708200000|
| 131|0x0000000708300000, 0x0000000708300000, 0x0000000708400000|  0%| F|  |TS  0|AC  0|TAMS 0x0000000708300000, 0x0000000708300000|
| 132|0x0000000708400000, 0x0000000708400000, 0x0000000708500000|  0%| F|  |TS  0|AC  0|TAMS 0x0000000708400000, 0x0000000708400000|
| 133|0x0000000708500000, 0x0000000708500000, 0x0000000708600000|  0%| F|  |TS  0|AC  0|TAMS 0x0000000708500000, 0x0000000708500000|
| 134|0x0000000708600000, 0x0000000708600000, 0x0000000708700000|  0%| F|  |TS  0|AC  0|TAMS 0x0000000708600000, 0x0000000708600000|
| 135|0x0000000708700000, 0x0000000708700000, 0x0000000708800000|  0%| F|  |TS  0|AC  0|TAMS 0x0000000708700000, 0x0000000708700000|
| 136|0x0000000708800000, 0x0000000708800000, 0x0000000708900000|  0%| F|  |TS  0|AC  0|TAMS 0x0000000708800000, 0x0000000708800000|
| 137|0x0000000708900000, 0x0000000708900000, 0x0000000708a00000|  0%| F|  |TS  0|AC  0|TAMS 0x0000000708900000, 0x0000000708900000|
| 138|0x0000000708a00000, 0x0000000708a00000, 0x0000000708b00000|  0%| F|  |TS  0|AC  0|TAMS 0x0000000708a00000, 0x0000000708a00000|
| 139|0x0000000708b00000, 0x0000000708b00000, 0x0000000708c00000|  0%| F|  |TS  0|AC  0|TAMS 0x0000000708b00000, 0x0000000708b00000|
| 140|0x0000000708c00000, 0x0000000708c00000, 0x0000000708d00000|  0%| F|  |TS  0|AC  0|TAMS 0x0000000708c00000, 0x0000000708c00000|
| 141|0x0000000708d00000, 0x0000000708d00000, 0x0000000708e00000|  0%| F|  |TS  0|AC  0|TAMS 0x0000000708d00000, 0x0000000708d00000|
| 142|0x0000000708e00000, 0x0000000708e00000, 0x0000000708f00000|  0%| F|  |TS  0|AC  0|TAMS 0x0000000708e00000, 0x0000000708e00000|
| 143|0x0000000708f00000, 0x0000000708f00000, 0x0000000709000000|  0%| F|  |TS  0|AC  0|TAMS 0x0000000708f00000, 0x0000000708f00000|
| 144|0x0000000709000000, 0x0000000709000000, 0x0000000709100000|  0%| F|  |TS  0|AC  0|TAMS 0x0000000709000000, 0x0000000709000000|
| 145|0x0000000709100000, 0x0000000709100000, 0x0000000709200000|  0%| F|  |TS  0|AC  0|TAMS 0x0000000709100000, 0x0000000709100000|
| 146|0x0000000709200000, 0x0000000709200000, 0x0000000709300000|  0%| F|  |TS  0|AC  0|TAMS 0x0000000709200000, 0x0000000709200000|
| 147|0x0000000709300000, 0x0000000709300000, 0x0000000709400000|  0%| F|  |TS  0|AC  0|TAMS 0x0000000709300000, 0x0000000709300000|
| 148|0x0000000709400000, 0x0000000709400000, 0x0000000709500000|  0%| F|  |TS  0|AC  0|TAMS 0x0000000709400000, 0x0000000709400000|
| 149|0x0000000709500000, 0x0000000709500000, 0x0000000709600000|  0%| F|  |TS  0|AC  0|TAMS 0x0000000709500000, 0x0000000709500000|
| 150|0x0000000709600000, 0x0000000709600000, 0x0000000709700000|  0%| F|  |TS  0|AC  0|TAMS 0x0000000709600000, 0x0000000709600000|
| 151|0x0000000709700000, 0x0000000709700000, 0x0000000709800000|  0%| F|  |TS  0|AC  0|TAMS 0x0000000709700000, 0x0000000709700000|
| 152|0x0000000709800000, 0x0000000709800000, 0x0000000709900000|  0%| F|  |TS  0|AC  0|TAMS 0x0000000709800000, 0x0000000709800000|
| 153|0x0000000709900000, 0x0000000709900000, 0x0000000709a00000|  0%| F|  |TS  0|AC  0|TAMS 0x0000000709900000, 0x0000000709900000|
| 154|0x0000000709a00000, 0x0000000709a00000, 0x0000000709b00000|  0%| F|  |TS  0|AC  0|TAMS 0x0000000709a00000, 0x0000000709a00000|
| 155|0x0000000709b00000, 0x0000000709b00000, 0x0000000709c00000|  0%| F|  |TS  0|AC  0|TAMS 0x0000000709b00000, 0x0000000709b00000|
| 156|0x0000000709c00000, 0x0000000709c00000, 0x0000000709d00000|  0%| F|  |TS  0|AC  0|TAMS 0x0000000709c00000, 0x0000000709c00000|
| 157|0x0000000709d00000, 0x0000000709d00000, 0x0000000709e00000|  0%| F|  |TS  0|AC  0|TAMS 0x0000000709d00000, 0x0000000709d00000|
| 158|0x0000000709e00000, 0x0000000709e00000, 0x0000000709f00000|  0%| F|  |TS  0|AC  0|TAMS 0x0000000709e00000, 0x0000000709e00000|
| 159|0x0000000709f00000, 0x0000000709f00000, 0x000000070a000000|  0%| F|  |TS  0|AC  0|TAMS 0x0000000709f00000, 0x0000000709f00000|
| 160|0x000000070a000000, 0x000000070a000000, 0x000000070a100000|  0%| F|  |TS  0|AC  0|TAMS 0x000000070a000000, 0x000000070a000000|
| 161|0x000000070a100000, 0x000000070a100000, 0x000000070a200000|  0%| F|  |TS  0|AC  0|TAMS 0x000000070a100000, 0x000000070a100000|
| 162|0x000000070a200000, 0x000000070a200000, 0x000000070a300000|  0%| F|  |TS  0|AC  0|TAMS 0x000000070a200000, 0x000000070a200000|
| 163|0x000000070a300000, 0x000000070a300000, 0x000000070a400000|  0%| F|  |TS  0|AC  0|TAMS 0x000000070a300000, 0x000000070a300000|
| 164|0x000000070a400000, 0x000000070a400000, 0x000000070a500000|  0%| F|  |TS  0|AC  0|TAMS 0x000000070a400000, 0x000000070a400000|
| 165|0x000000070a500000, 0x000000070a500000, 0x000000070a600000|  0%| F|  |TS  0|AC  0|TAMS 0x000000070a500000, 0x000000070a500000|
| 166|0x000000070a600000, 0x000000070a600000, 0x000000070a700000|  0%| F|  |TS  0|AC  0|TAMS 0x000000070a600000, 0x000000070a600000|
| 167|0x000000070a700000, 0x000000070a700000, 0x000000070a800000|  0%| F|  |TS  0|AC  0|TAMS 0x000000070a700000, 0x000000070a700000|
| 168|0x000000070a800000, 0x000000070a800000, 0x000000070a900000|  0%| F|  |TS  0|AC  0|TAMS 0x000000070a800000, 0x000000070a800000|
| 169|0x000000070a900000, 0x000000070a900000, 0x000000070aa00000|  0%| F|  |TS  0|AC  0|TAMS 0x000000070a900000, 0x000000070a900000|
| 170|0x000000070aa00000, 0x000000070aa00000, 0x000000070ab00000|  0%| F|  |TS  0|AC  0|TAMS 0x000000070aa00000, 0x000000070aa00000|
| 171|0x000000070ab00000, 0x000000070ab00000, 0x000000070ac00000|  0%| F|  |TS  0|AC  0|TAMS 0x000000070ab00000, 0x000000070ab00000|
| 172|0x000000070ac00000, 0x000000070ac00000, 0x000000070ad00000|  0%| F|  |TS  0|AC  0|TAMS 0x000000070ac00000, 0x000000070ac00000|
| 173|0x000000070ad00000, 0x000000070ad00000, 0x000000070ae00000|  0%| F|  |TS  0|AC  0|TAMS 0x000000070ad00000, 0x000000070ad00000|
| 174|0x000000070ae00000, 0x000000070ae00000, 0x000000070af00000|  0%| F|  |TS  0|AC  0|TAMS 0x000000070ae00000, 0x000000070ae00000|
| 175|0x000000070af00000, 0x000000070af00000, 0x000000070b000000|  0%| F|  |TS  0|AC  0|TAMS 0x000000070af00000, 0x000000070af00000|
| 176|0x000000070b000000, 0x000000070b000000, 0x000000070b100000|  0%| F|  |TS  0|AC  0|TAMS 0x000000070b000000, 0x000000070b000000|
| 177|0x000000070b100000, 0x000000070b100000, 0x000000070b200000|  0%| F|  |TS  0|AC  0|TAMS 0x000000070b100000, 0x000000070b100000|
| 178|0x000000070b200000, 0x000000070b200000, 0x000000070b300000|  0%| F|  |TS  0|AC  0|TAMS 0x000000070b200000, 0x000000070b200000|
| 179|0x000000070b300000, 0x000000070b300000, 0x000000070b400000|  0%| F|  |TS  0|AC  0|TAMS 0x000000070b300000, 0x000000070b300000|
| 180|0x000000070b400000, 0x000000070b400000, 0x000000070b500000|  0%| F|  |TS  0|AC  0|TAMS 0x000000070b400000, 0x000000070b400000|
| 181|0x000000070b500000, 0x000000070b500000, 0x000000070b600000|  0%| F|  |TS  0|AC  0|TAMS 0x000000070b500000, 0x000000070b500000|
| 182|0x000000070b600000, 0x000000070b600000, 0x000000070b700000|  0%| F|  |TS  0|AC  0|TAMS 0x000000070b600000, 0x000000070b600000|
| 183|0x000000070b700000, 0x000000070b700000, 0x000000070b800000|  0%| F|  |TS  0|AC  0|TAMS 0x000000070b700000, 0x000000070b700000|
| 184|0x000000070b800000, 0x000000070b800000, 0x000000070b900000|  0%| F|  |TS  0|AC  0|TAMS 0x000000070b800000, 0x000000070b800000|
| 185|0x000000070b900000, 0x000000070b900000, 0x000000070ba00000|  0%| F|  |TS  0|AC  0|TAMS 0x000000070b900000, 0x000000070b900000|
| 186|0x000000070ba00000, 0x000000070ba00000, 0x000000070bb00000|  0%| F|  |TS  0|AC  0|TAMS 0x000000070ba00000, 0x000000070ba00000|
| 187|0x000000070bb00000, 0x000000070bb00000, 0x000000070bc00000|  0%| F|  |TS  0|AC  0|TAMS 0x000000070bb00000, 0x000000070bb00000|
| 188|0x000000070bc00000, 0x000000070bc00000, 0x000000070bd00000|  0%| F|  |TS  0|AC  0|TAMS 0x000000070bc00000, 0x000000070bc00000|
| 189|0x000000070bd00000, 0x000000070bd00000, 0x000000070be00000|  0%| F|  |TS  0|AC  0|TAMS 0x000000070bd00000, 0x000000070bd00000|
| 190|0x000000070be00000, 0x000000070be00000, 0x000000070bf00000|  0%| F|  |TS  0|AC  0|TAMS 0x000000070be00000, 0x000000070be00000|
| 191|0x000000070bf00000, 0x000000070bf00000, 0x000000070c000000|  0%| F|  |TS  0|AC  0|TAMS 0x000000070bf00000, 0x000000070bf00000|
| 192|0x000000070c000000, 0x000000070c000000, 0x000000070c100000|  0%| F|  |TS  0|AC  0|TAMS 0x000000070c000000, 0x000000070c000000|
| 193|0x000000070c100000, 0x000000070c100000, 0x000000070c200000|  0%| F|  |TS  0|AC  0|TAMS 0x000000070c100000, 0x000000070c100000|
| 194|0x000000070c200000, 0x000000070c200000, 0x000000070c300000|  0%| F|  |TS  0|AC  0|TAMS 0x000000070c200000, 0x000000070c200000|
| 195|0x000000070c300000, 0x000000070c300000, 0x000000070c400000|  0%| F|  |TS  0|AC  0|TAMS 0x000000070c300000, 0x000000070c300000|
| 196|0x000000070c400000, 0x000000070c400000, 0x000000070c500000|  0%| F|  |TS  0|AC  0|TAMS 0x000000070c400000, 0x000000070c400000|
| 197|0x000000070c500000, 0x000000070c500000, 0x000000070c600000|  0%| F|  |TS  0|AC  0|TAMS 0x000000070c500000, 0x000000070c500000|
| 198|0x000000070c600000, 0x000000070c600000, 0x000000070c700000|  0%| F|  |TS  0|AC  0|TAMS 0x000000070c600000, 0x000000070c600000|
| 199|0x000000070c700000, 0x000000070c700000, 0x000000070c800000|  0%| F|  |TS  0|AC  0|TAMS 0x000000070c700000, 0x000000070c700000|
| 200|0x000000070c800000, 0x000000070c800000, 0x000000070c900000|  0%| F|  |TS  0|AC  0|TAMS 0x000000070c800000, 0x000000070c800000|
| 201|0x000000070c900000, 0x000000070c900000, 0x000000070ca00000|  0%| F|  |TS  0|AC  0|TAMS 0x000000070c900000, 0x000000070c900000|
| 202|0x000000070ca00000, 0x000000070ca00000, 0x000000070cb00000|  0%| F|  |TS  0|AC  0|TAMS 0x000000070ca00000, 0x000000070ca00000|
| 203|0x000000070cb00000, 0x000000070cb00000, 0x000000070cc00000|  0%| F|  |TS  0|AC  0|TAMS 0x000000070cb00000, 0x000000070cb00000|
| 204|0x000000070cc00000, 0x000000070cc00000, 0x000000070cd00000|  0%| F|  |TS  0|AC  0|TAMS 0x000000070cc00000, 0x000000070cc00000|
| 205|0x000000070cd00000, 0x000000070cd00000, 0x000000070ce00000|  0%| F|  |TS  0|AC  0|TAMS 0x000000070cd00000, 0x000000070cd00000|
| 206|0x000000070ce00000, 0x000000070ce00000, 0x000000070cf00000|  0%| F|  |TS  0|AC  0|TAMS 0x000000070ce00000, 0x000000070ce00000|
| 207|0x000000070cf00000, 0x000000070cf00000, 0x000000070d000000|  0%| F|  |TS  0|AC  0|TAMS 0x000000070cf00000, 0x000000070cf00000|
| 208|0x000000070d000000, 0x000000070d000000, 0x000000070d100000|  0%| F|  |TS  0|AC  0|TAMS 0x000000070d000000, 0x000000070d000000|
| 209|0x000000070d100000, 0x000000070d160b00, 0x000000070d200000| 37%| S|CS|TS  1|AC  0|TAMS 0x000000070d100000, 0x000000070d100000|
| 210|0x000000070d200000, 0x000000070d200000, 0x000000070d300000|  0%| F|  |TS  1|AC  0|TAMS 0x000000070d200000, 0x000000070d200000|
| 211|0x000000070d300000, 0x000000070d300000, 0x000000070d400000|  0%| F|  |TS  1|AC  0|TAMS 0x000000070d300000, 0x000000070d300000|
| 212|0x000000070d400000, 0x000000070d400000, 0x000000070d500000|  0%| F|  |TS  1|AC  0|TAMS 0x000000070d400000, 0x000000070d400000|
| 213|0x000000070d500000, 0x000000070d500000, 0x000000070d600000|  0%| F|  |TS  1|AC  0|TAMS 0x000000070d500000, 0x000000070d500000|
| 214|0x000000070d600000, 0x000000070d600000, 0x000000070d700000|  0%| F|  |TS  1|AC  0|TAMS 0x000000070d600000, 0x000000070d600000|
| 215|0x000000070d700000, 0x000000070d700000, 0x000000070d800000|  0%| F|  |TS  1|AC  0|TAMS 0x000000070d700000, 0x000000070d700000|
| 216|0x000000070d800000, 0x000000070d800000, 0x000000070d900000|  0%| F|  |TS  1|AC  0|TAMS 0x000000070d800000, 0x000000070d800000|
| 217|0x000000070d900000, 0x000000070d900000, 0x000000070da00000|  0%| F|  |TS  1|AC  0|TAMS 0x000000070d900000, 0x000000070d900000|
| 218|0x000000070da00000, 0x000000070da00000, 0x000000070db00000|  0%| F|  |TS  1|AC  0|TAMS 0x000000070da00000, 0x000000070da00000|
| 219|0x000000070db00000, 0x000000070db00000, 0x000000070dc00000|  0%| F|  |TS  1|AC  0|TAMS 0x000000070db00000, 0x000000070db00000|
| 220|0x000000070dc00000, 0x000000070dc00000, 0x000000070dd00000|  0%| F|  |TS  1|AC  0|TAMS 0x000000070dc00000, 0x000000070dc00000|
| 221|0x000000070dd00000, 0x000000070dd00000, 0x000000070de00000|  0%| F|  |TS  1|AC  0|TAMS 0x000000070dd00000, 0x000000070dd00000|
| 222|0x000000070de00000, 0x000000070de00000, 0x000000070df00000|  0%| F|  |TS  1|AC  0|TAMS 0x000000070de00000, 0x000000070de00000|
| 223|0x000000070df00000, 0x000000070df00000, 0x000000070e000000|  0%| F|  |TS  1|AC  0|TAMS 0x000000070df00000, 0x000000070df00000|
| 224|0x000000070e000000, 0x000000070e000000, 0x000000070e100000|  0%| F|  |TS  1|AC  0|TAMS 0x000000070e000000, 0x000000070e000000|
| 225|0x000000070e100000, 0x000000070e100000, 0x000000070e200000|  0%| F|  |TS  1|AC  0|TAMS 0x000000070e100000, 0x000000070e100000|
| 226|0x000000070e200000, 0x000000070e209830, 0x000000070e300000|  3%| E|  |TS  1|AC  0|TAMS 0x000000070e200000, 0x000000070e200000|
| 227|0x000000070e300000, 0x000000070e400000, 0x000000070e400000|100%| E|CS|TS  1|AC  0|TAMS 0x000000070e300000, 0x000000070e300000|
| 228|0x000000070e400000, 0x000000070e500000, 0x000000070e500000|100%| E|CS|TS  1|AC  0|TAMS 0x000000070e400000, 0x000000070e400000|
| 229|0x000000070e500000, 0x000000070e600000, 0x000000070e600000|100%| E|CS|TS  1|AC  0|TAMS 0x000000070e500000, 0x000000070e500000|
| 230|0x000000070e600000, 0x000000070e700000, 0x000000070e700000|100%| E|CS|TS  1|AC  0|TAMS 0x000000070e600000, 0x000000070e600000|
| 231|0x000000070e700000, 0x000000070e800000, 0x000000070e800000|100%| E|CS|TS  1|AC  0|TAMS 0x000000070e700000, 0x000000070e700000|
| 232|0x000000070e800000, 0x000000070e900000, 0x000000070e900000|100%| E|CS|TS  1|AC  0|TAMS 0x000000070e800000, 0x000000070e800000|
| 233|0x000000070e900000, 0x000000070ea00000, 0x000000070ea00000|100%| E|CS|TS  1|AC  0|TAMS 0x000000070e900000, 0x000000070e900000|
| 234|0x000000070ea00000, 0x000000070eb00000, 0x000000070eb00000|100%| E|CS|TS  1|AC  0|TAMS 0x000000070ea00000, 0x000000070ea00000|
| 235|0x000000070eb00000, 0x000000070ec00000, 0x000000070ec00000|100%| E|CS|TS  1|AC  0|TAMS 0x000000070eb00000, 0x000000070eb00000|
| 236|0x000000070ec00000, 0x000000070ed00000, 0x000000070ed00000|100%| E|CS|TS  1|AC  0|TAMS 0x000000070ec00000, 0x000000070ec00000|
| 237|0x000000070ed00000, 0x000000070ee00000, 0x000000070ee00000|100%| E|CS|TS  1|AC  0|TAMS 0x000000070ed00000, 0x000000070ed00000|
| 238|0x000000070ee00000, 0x000000070ef00000, 0x000000070ef00000|100%| E|CS|TS  1|AC  0|TAMS 0x000000070ee00000, 0x000000070ee00000|
| 239|0x000000070ef00000, 0x000000070f000000, 0x000000070f000000|100%| E|CS|TS  1|AC  0|TAMS 0x000000070ef00000, 0x000000070ef00000|
| 240|0x000000070f000000, 0x000000070f100000, 0x000000070f100000|100%| E|CS|TS  1|AC  0|TAMS 0x000000070f000000, 0x000000070f000000|
| 241|0x000000070f100000, 0x000000070f200000, 0x000000070f200000|100%| E|CS|TS  1|AC  0|TAMS 0x000000070f100000, 0x000000070f100000|
| 242|0x000000070f200000, 0x000000070f300000, 0x000000070f300000|100%| E|CS|TS  1|AC  0|TAMS 0x000000070f200000, 0x000000070f200000|
| 243|0x000000070f300000, 0x000000070f400000, 0x000000070f400000|100%| E|CS|TS  1|AC  0|TAMS 0x000000070f300000, 0x000000070f300000|
| 244|0x000000070f400000, 0x000000070f500000, 0x000000070f500000|100%| E|CS|TS  1|AC  0|TAMS 0x000000070f400000, 0x000000070f400000|
| 245|0x000000070f500000, 0x000000070f600000, 0x000000070f600000|100%| E|CS|TS  1|AC  0|TAMS 0x000000070f500000, 0x000000070f500000|
| 246|0x000000070f600000, 0x000000070f700000, 0x000000070f700000|100%| E|CS|TS  1|AC  0|TAMS 0x000000070f600000, 0x000000070f600000|
| 247|0x000000070f700000, 0x000000070f800000, 0x000000070f800000|100%| E|CS|TS  1|AC  0|TAMS 0x000000070f700000, 0x000000070f700000|
| 248|0x000000070f800000, 0x000000070f900000, 0x000000070f900000|100%| E|CS|TS  1|AC  0|TAMS 0x000000070f800000, 0x000000070f800000|
| 249|0x000000070f900000, 0x000000070fa00000, 0x000000070fa00000|100%| E|CS|TS  1|AC  0|TAMS 0x000000070f900000, 0x000000070f900000|
| 250|0x000000070fa00000, 0x000000070fb00000, 0x000000070fb00000|100%| E|CS|TS  1|AC  0|TAMS 0x000000070fa00000, 0x000000070fa00000|
| 251|0x000000070fb00000, 0x000000070fc00000, 0x000000070fc00000|100%| E|CS|TS  1|AC  0|TAMS 0x000000070fb00000, 0x000000070fb00000|
| 252|0x000000070fc00000, 0x000000070fd00000, 0x000000070fd00000|100%| E|CS|TS  1|AC  0|TAMS 0x000000070fc00000, 0x000000070fc00000|
| 253|0x000000070fd00000, 0x000000070fe00000, 0x000000070fe00000|100%| E|CS|TS  1|AC  0|TAMS 0x000000070fd00000, 0x000000070fd00000|
| 254|0x000000070fe00000, 0x000000070ff00000, 0x000000070ff00000|100%| E|CS|TS  1|AC  0|TAMS 0x000000070fe00000, 0x000000070fe00000|
| 255|0x000000070ff00000, 0x0000000710000000, 0x0000000710000000|100%| E|CS|TS  1|AC  0|TAMS 0x000000070ff00000, 0x000000070ff00000|
| 256|0x0000000710000000, 0x0000000710100000, 0x0000000710100000|100%| E|CS|TS  1|AC  0|TAMS 0x0000000710000000, 0x0000000710000000|
| 257|0x0000000710100000, 0x0000000710200000, 0x0000000710200000|100%| E|CS|TS  1|AC  0|TAMS 0x0000000710100000, 0x0000000710100000|
| 258|0x0000000710200000, 0x0000000710300000, 0x0000000710300000|100%| E|CS|TS  1|AC  0|TAMS 0x0000000710200000, 0x0000000710200000|
| 259|0x0000000710300000, 0x0000000710400000, 0x0000000710400000|100%| E|CS|TS  1|AC  0|TAMS 0x0000000710300000, 0x0000000710300000|
| 260|0x0000000710400000, 0x0000000710500000, 0x0000000710500000|100%| E|CS|TS  1|AC  0|TAMS 0x0000000710400000, 0x0000000710400000|
| 261|0x0000000710500000, 0x0000000710600000, 0x0000000710600000|100%| E|CS|TS  1|AC  0|TAMS 0x0000000710500000, 0x0000000710500000|
| 262|0x0000000710600000, 0x0000000710700000, 0x0000000710700000|100%| E|CS|TS  1|AC  0|TAMS 0x0000000710600000, 0x0000000710600000|
| 263|0x0000000710700000, 0x0000000710800000, 0x0000000710800000|100%| E|CS|TS  1|AC  0|TAMS 0x0000000710700000, 0x0000000710700000|
| 264|0x0000000710800000, 0x0000000710900000, 0x0000000710900000|100%| E|CS|TS  1|AC  0|TAMS 0x0000000710800000, 0x0000000710800000|
| 265|0x0000000710900000, 0x0000000710a00000, 0x0000000710a00000|100%| E|CS|TS  1|AC  0|TAMS 0x0000000710900000, 0x0000000710900000|
| 266|0x0000000710a00000, 0x0000000710b00000, 0x0000000710b00000|100%| E|CS|TS  1|AC  0|TAMS 0x0000000710a00000, 0x0000000710a00000|
| 267|0x0000000710b00000, 0x0000000710c00000, 0x0000000710c00000|100%| E|CS|TS  1|AC  0|TAMS 0x0000000710b00000, 0x0000000710b00000|
| 268|0x0000000710c00000, 0x0000000710d00000, 0x0000000710d00000|100%| E|CS|TS  1|AC  0|TAMS 0x0000000710c00000, 0x0000000710c00000|
| 269|0x0000000710d00000, 0x0000000710e00000, 0x0000000710e00000|100%| E|CS|TS  1|AC  0|TAMS 0x0000000710d00000, 0x0000000710d00000|

Card table byte_map: [0x000001c85cb90000,0x000001c85d190000] byte_map_base: 0x000001c859390000

Marking Bits (Prev, Next): (CMBitMap*) 0x000001c86ce9c0d8, (CMBitMap*) 0x000001c86ce9c0a0
 Prev Bits: [0x000001c860790000, 0x000001c863790000)
 Next Bits: [0x000001c85d790000, 0x000001c860790000)

Polling page: 0x000001c84abb0000

CodeHeap 'non-profiled nmethods': size=120000Kb used=18751Kb max_used=18916Kb free=101248Kb
 bounds [0x000001c875290000, 0x000001c876510000, 0x000001c87c7c0000]
CodeHeap 'profiled nmethods': size=120000Kb used=44845Kb max_used=46678Kb free=75154Kb
 bounds [0x000001c86dd60000, 0x000001c870b30000, 0x000001c875290000]
CodeHeap 'non-nmethods': size=5760Kb used=1801Kb max_used=1856Kb free=3958Kb
 bounds [0x000001c86d7c0000, 0x000001c86da30000, 0x000001c86dd60000]
 total_blobs=30341 nmethods=17253 adapters=1144
 compilation: enabled

Compilation events (10 events):
Event: 1317.592 Thread 0x000001c86ccef000 nmethod 21162 0x000001c875e79690 code [0x000001c875e79840, 0x000001c875e79a78]
Event: 1318.291 Thread 0x000001c86a63d800 21164       3       com.jidesoft.editor.CodeEditorSelectionFindAndReplaceTarget::selectionChanged (45 bytes)
Event: 1318.291 Thread 0x000001c86a63d800 nmethod 21164 0x000001c86e997e90 code [0x000001c86e998060, 0x000001c86e998510]
Event: 1318.570 Thread 0x000001c86a63d800 21165       3       ui.utils.e.h::Xd (35 bytes)
Event: 1318.571 Thread 0x000001c86a63d800 nmethod 21165 0x000001c86ec40a90 code [0x000001c86ec40d60, 0x000001c86ec420c0]
Event: 1318.857 Thread 0x000001c86a63d800 21166       3       ui.views.R.aB::T (638 bytes)
Event: 1318.861 Thread 0x000001c86d417800 21167       4       com.jidesoft.plaf.basic.BasicJideTabbedPaneUI::ensureCloseButtonCreated (320 bytes)
Event: 1318.866 Thread 0x000001c86d376800 21168       4       ui.data.design.g::bMt (18 bytes)
Event: 1318.873 Thread 0x000001c86a63d800 nmethod 21166 0x000001c870258910 code [0x000001c870259fe0, 0x000001c87026a660]
Event: 1318.878 Thread 0x000001c86d376800 nmethod 21168 0x000001c875e78090 code [0x000001c875e78340, 0x000001c875e78b48]

GC Heap History (10 events):
Event: 1306.200 GC heap before
{Heap before GC invocations=119 (full 25):
 garbage-first heap   total 276480K, used 155703K [0x0000000700000000, 0x0000000700100870, 0x00000007c0000000)
  region size 1024K, 60 young (61440K), 1 survivors (1024K)
 Metaspace       used 90217K, capacity 96391K, committed 96636K, reserved 1132544K
  class space    used 13021K, capacity 14081K, committed 14204K, reserved 1048576K
}
Event: 1306.202 GC heap after
{Heap after GC invocations=120 (full 25):
 garbage-first heap   total 276480K, used 95294K [0x0000000700000000, 0x0000000700100870, 0x00000007c0000000)
  region size 1024K, 1 young (1024K), 1 survivors (1024K)
 Metaspace       used 90217K, capacity 96391K, committed 96636K, reserved 1132544K
  class space    used 13021K, capacity 14081K, committed 14204K, reserved 1048576K
}
Event: 1307.500 GC heap before
{Heap before GC invocations=120 (full 25):
 garbage-first heap   total 276480K, used 155710K [0x0000000700000000, 0x0000000700100870, 0x00000007c0000000)
  region size 1024K, 60 young (61440K), 1 survivors (1024K)
 Metaspace       used 90250K, capacity 96455K, committed 96636K, reserved 1132544K
  class space    used 13021K, capacity 14081K, committed 14204K, reserved 1048576K
}
Event: 1307.503 GC heap after
{Heap after GC invocations=121 (full 25):
 garbage-first heap   total 276480K, used 95392K [0x0000000700000000, 0x0000000700100870, 0x00000007c0000000)
  region size 1024K, 2 young (2048K), 2 survivors (2048K)
 Metaspace       used 90250K, capacity 96455K, committed 96636K, reserved 1132544K
  class space    used 13021K, capacity 14081K, committed 14204K, reserved 1048576K
}
Event: 1307.676 GC heap before
{Heap before GC invocations=121 (full 25):
 garbage-first heap   total 276480K, used 154784K [0x0000000700000000, 0x0000000700100870, 0x00000007c0000000)
  region size 1024K, 60 young (61440K), 2 survivors (2048K)
 Metaspace       used 90255K, capacity 96455K, committed 96636K, reserved 1132544K
  class space    used 13021K, capacity 14081K, committed 14204K, reserved 1048576K
}
Event: 1307.679 GC heap after
{Heap after GC invocations=122 (full 25):
 garbage-first heap   total 276480K, used 95374K [0x0000000700000000, 0x0000000700100870, 0x00000007c0000000)
  region size 1024K, 2 young (2048K), 2 survivors (2048K)
 Metaspace       used 90255K, capacity 96455K, committed 96636K, reserved 1132544K
  class space    used 13021K, capacity 14081K, committed 14204K, reserved 1048576K
}
Event: 1308.564 GC heap before
{Heap before GC invocations=122 (full 25):
 garbage-first heap   total 276480K, used 105614K [0x0000000700000000, 0x0000000700100870, 0x00000007c0000000)
  region size 1024K, 13 young (13312K), 2 survivors (2048K)
 Metaspace       used 90269K, capacity 96519K, committed 96892K, reserved 1132544K
  class space    used 13021K, capacity 14081K, committed 14204K, reserved 1048576K
}
Event: 1308.774 GC heap after
{Heap after GC invocations=123 (full 26):
 garbage-first heap   total 276480K, used 89480K [0x0000000700000000, 0x0000000700100870, 0x00000007c0000000)
  region size 1024K, 0 young (0K), 0 survivors (0K)
 Metaspace       used 90269K, capacity 96519K, committed 96892K, reserved 1132544K
  class space    used 13021K, capacity 14081K, committed 14204K, reserved 1048576K
}
Event: 1309.470 GC heap before
{Heap before GC invocations=123 (full 26):
 garbage-first heap   total 276480K, used 150920K [0x0000000700000000, 0x0000000700100870, 0x00000007c0000000)
  region size 1024K, 60 young (61440K), 0 survivors (0K)
 Metaspace       used 90298K, capacity 96519K, committed 96892K, reserved 1132544K
  class space    used 13021K, capacity 14081K, committed 14204K, reserved 1048576K
}
Event: 1309.472 GC heap after
{Heap after GC invocations=124 (full 26):
 garbage-first heap   total 276480K, used 89867K [0x0000000700000000, 0x0000000700100870, 0x00000007c0000000)
  region size 1024K, 1 young (1024K), 1 survivors (1024K)
 Metaspace       used 90298K, capacity 96519K, committed 96892K, reserved 1132544K
  class space    used 13021K, capacity 14081K, committed 14204K, reserved 1048576K
}

Deoptimization events (10 events):
Event: 1228.112 Thread 0x000001c8549df800 Uncommon trap: reason=speculate_class_check action=maybe_recompile pc=0x000001c87627b33c method=java.awt.LightweightDispatcher.trackMouseEnterExit(Ljava/awt/Component;Ljava/awt/event/MouseEvent;)V @ 1 c2
Event: 1228.112 Thread 0x000001c8549df800 Uncommon trap: reason=speculate_class_check action=maybe_recompile pc=0x000001c875cbfc94 method=java.awt.LightweightDispatcher.retargetMouseEvent(Ljava/awt/Component;ILjava/awt/event/MouseEvent;)V @ 70 c2
Event: 1228.112 Thread 0x000001c8549df800 Uncommon trap: reason=class_check action=maybe_recompile pc=0x000001c87608c524 method=java.awt.Container.dispatchEventImpl(Ljava/awt/AWTEvent;)V @ 19 c2
Event: 1228.144 Thread 0x000001c8549df800 Uncommon trap: reason=class_check action=maybe_recompile pc=0x000001c87642710c method=java.awt.EventQueue.coalesceEvent(Ljava/awt/AWTEvent;I)Z @ 77 c2
Event: 1228.144 Thread 0x000001c8549df800 Uncommon trap: reason=class_check action=maybe_recompile pc=0x000001c875c26fb8 method=java.awt.Container.dispatchEventImpl(Ljava/awt/AWTEvent;)V @ 19 c2
Event: 1277.299 Thread 0x000001c8549df800 Uncommon trap: reason=unstable_if action=reinterpret pc=0x000001c876281500 method=java.awt.Container.clearMostRecentFocusOwnerOnHide()V @ 66 c2
Event: 1277.328 Thread 0x000001c8549df800 Uncommon trap: reason=null_check action=make_not_entrant pc=0x000001c875afea84 method=javax.swing.text.StyleContext$SmallAttributeSet.equals(Ljava/lang/Object;)Z @ 1 c2
Event: 1307.422 Thread 0x000001c8549df800 Uncommon trap: reason=class_check action=maybe_recompile pc=0x000001c87593d270 method=com.jidesoft.docking.DefaultDockingManager.handleEvent(Ljava/awt/AWTEvent;)Z @ 2252 c2
Event: 1313.396 Thread 0x000001c8549df800 Uncommon trap: reason=unstable_if action=reinterpret pc=0x000001c875fcb724 method=javax.swing.AbstractButton.setEnabled(Z)V @ 13 c2
Event: 1314.779 Thread 0x000001c8549df800 Uncommon trap: reason=class_check action=maybe_recompile pc=0x000001c8760520ec method=javax.swing.plaf.synth.ParsedSynthStyle$DelegatingPainter.paintPanelBackground(Ljavax/swing/plaf/synth/SynthContext;Ljava/awt/Graphics;IIII)V @ 16 c2

Classes redefined (0 events):
No events

Internal exceptions (10 events):
Event: 1061.838 Thread 0x000001c8549df800 Implicit null exception at 0x000001c875d754eb to 0x000001c875d7765d
Event: 1061.838 Thread 0x000001c8549df800 Implicit null exception at 0x000001c875dbf59b to 0x000001c875dc19c5
Event: 1069.612 Thread 0x000001c87d847000 Implicit null exception at 0x000001c8760d30b4 to 0x000001c8760d4f55
Event: 1190.395 Thread 0x000001c8549df800 Implicit null exception at 0x000001c8763f1c7e to 0x000001c8763f1f1c
Event: 1227.523 Thread 0x000001c8549df800 Exception <a 'java/lang/NoSuchMethodError'{0x000000070d923ef8}: java.lang.invoke.DirectMethodHandle$Holder.invokeSpecial(Ljava/lang/Object;Ljava/lang/Object;IILjava/lang/Object;ILjava/lang/Object;I)Ljava/lang/Object;> (0x000000070d923ef8) thrown at [t:/wo
Event: 1227.523 Thread 0x000001c8549df800 Exception <a 'java/lang/NoSuchMethodError'{0x000000070d927668}: java.lang.invoke.DelegatingMethodHandle$Holder.reinvoke_L(Ljava/lang/Object;IILjava/lang/Object;ILjava/lang/Object;I)Ljava/lang/Object;> (0x000000070d927668) thrown at [t:/workspace/hotspot/s
Event: 1227.524 Thread 0x000001c8549df800 Exception <a 'java/lang/NoSuchMethodError'{0x000000070d957358}: method resolution failed> (0x000000070d957358) thrown at [t:/workspace/hotspot/src/share/vm/prims/methodHandles.cpp, line 1256]
Event: 1277.328 Thread 0x000001c8549df800 Implicit null exception at 0x000001c875afe5d2 to 0x000001c875afea79
Event: 1277.454 Thread 0x000001c87d83e000 Exception <a 'java/lang/InterruptedException'{0x0000000710a818d8}: sleep interrupted> (0x0000000710a818d8) thrown at [t:/workspace/hotspot/src/share/vm/prims/jvm.cpp, line 2984]
Event: 1309.413 Thread 0x000001c87d83e000 Exception <a 'java/lang/InterruptedException'{0x0000000710d25650}: sleep interrupted> (0x0000000710d25650) thrown at [t:/workspace/hotspot/src/share/vm/prims/jvm.cpp, line 2984]

Events (10 events):
Event: 1315.291 Thread 0x000001c86a645000 Thread added: 0x000001c86a645000
Event: 1315.296 Thread 0x000001c86a645000 Thread exited: 0x000001c86a645000
Event: 1316.291 Thread 0x000001c86a649800 Thread added: 0x000001c86a649800
Event: 1316.296 Thread 0x000001c86a649800 Thread exited: 0x000001c86a649800
Event: 1317.291 Thread 0x000001c86a649800 Thread added: 0x000001c86a649800
Event: 1317.296 Thread 0x000001c86a649800 Thread exited: 0x000001c86a649800
Event: 1317.589 Thread 0x000001c8549df800 DEOPT PACKING pc=0x000001c86f2a530c sp=0x00000017de6f7200
Event: 1317.589 Thread 0x000001c8549df800 DEOPT UNPACKING pc=0x000001c86d80d83f sp=0x00000017de6f67a8 mode 0
Event: 1318.292 Thread 0x000001c86a645000 Thread added: 0x000001c86a645000
Event: 1318.297 Thread 0x000001c86a645000 Thread exited: 0x000001c86a645000


Dynamic libraries:
0x00007ff78e690000 - 0x00007ff78e6c0000 	C:\Xilinx\Vivado\2020.1\bin\unwrapped\win64.o\vivado.exe
0x00007ffe96f30000 - 0x00007ffe97126000 	C:\WINDOWS\SYSTEM32\ntdll.dll
0x00007ffe950d0000 - 0x00007ffe9518d000 	C:\WINDOWS\System32\KERNEL32.DLL
0x00007ffe948d0000 - 0x00007ffe94b98000 	C:\WINDOWS\System32\KERNELBASE.dll
0x00007ffe94c50000 - 0x00007ffe94d50000 	C:\WINDOWS\System32\ucrtbase.dll
0x00007ffe4a770000 - 0x00007ffe4a801000 	C:\WINDOWS\SYSTEM32\MSVCP140.dll
0x00007ffe849f0000 - 0x00007ffe84a04000 	C:\Xilinx\Vivado\2020.1\lib\win64.o\libboost_signals.dll
0x00007ffe4c450000 - 0x00007ffe4c469000 	C:\WINDOWS\SYSTEM32\VCRUNTIME140.dll
0x00007ffe849d0000 - 0x00007ffe849ea000 	C:\Xilinx\Vivado\2020.1\lib\win64.o\librdi_commonmain.dll
0x00007ffe4af80000 - 0x00007ffe4af8c000 	C:\WINDOWS\SYSTEM32\VCRUNTIME140_1.dll
0x00007ffe849a0000 - 0x00007ffe849c6000 	C:\Xilinx\Vivado\2020.1\lib\win64.o\libboost_filesystem.dll
0x00007ffe95760000 - 0x00007ffe9580c000 	C:\WINDOWS\System32\ADVAPI32.dll
0x00007ffe95ab0000 - 0x00007ffe95b4e000 	C:\WINDOWS\System32\msvcrt.dll
0x00007ffe8f860000 - 0x00007ffe8f86a000 	C:\Xilinx\Vivado\2020.1\lib\win64.o\librdi_commonversion.dll
0x00007ffe95520000 - 0x00007ffe955bb000 	C:\WINDOWS\System32\sechost.dll
0x00007ffe495a0000 - 0x00007ffe4a666000 	C:\Xilinx\Vivado\2020.1\lib\win64.o\librdi_common.dll
0x00007ffe96320000 - 0x00007ffe96444000 	C:\WINDOWS\System32\RPCRT4.dll
0x00007ffe955c0000 - 0x00007ffe95760000 	C:\WINDOWS\System32\USER32.dll
0x00007ffe94eb0000 - 0x00007ffe94ed2000 	C:\WINDOWS\System32\win32u.dll
0x00007ffe6e950000 - 0x00007ffe6eaf1000 	C:\Xilinx\Vivado\2020.1\lib\win64.o\librdi_commonxillic.dll
0x00007ffe96500000 - 0x00007ffe9652a000 	C:\WINDOWS\System32\GDI32.dll
0x00007ffe965a0000 - 0x00007ffe9660b000 	C:\WINDOWS\System32\WS2_32.dll
0x00007ffe947c0000 - 0x00007ffe948c9000 	C:\WINDOWS\System32\gdi32full.dll
0x000000006c420000 - 0x000000006c54b000 	C:\Xilinx\Vivado\2020.1\lib\win64.o\tcl85t.dll
0x00007ffe94670000 - 0x00007ffe9470d000 	C:\WINDOWS\System32\msvcp_win.dll
0x00007ffe94c20000 - 0x00007ffe94c47000 	C:\WINDOWS\System32\bcrypt.dll
0x00007ffe96610000 - 0x00007ffe96d51000 	C:\WINDOWS\System32\SHELL32.dll
0x00007ffe86bd0000 - 0x00007ffe86bdb000 	C:\Xilinx\Vivado\2020.1\lib\win64.o\libboost_system.dll
0x00007ffe77460000 - 0x00007ffe774df000 	C:\Xilinx\Vivado\2020.1\lib\win64.o\libboost_program_options.dll
0x00007ffe84980000 - 0x00007ffe84994000 	C:\Xilinx\Vivado\2020.1\lib\win64.o\libboost_date_time.dll
0x00007ffe49230000 - 0x00007ffe4959e000 	C:\Xilinx\Vivado\2020.1\lib\win64.o\libCOIN-all.dll
0x00007ffe6e830000 - 0x00007ffe6e944000 	C:\Xilinx\Vivado\2020.1\lib\win64.o\libboost_regex.dll
0x00007ffe84a90000 - 0x00007ffe84a9f000 	C:\Xilinx\Vivado\2020.1\lib\win64.o\libboost_xilinx.dll
0x00007ffe81bd0000 - 0x00007ffe81bf1000 	C:\Xilinx\Vivado\2020.1\lib\win64.o\libboost_thread.dll
0x00007ffe6e7a0000 - 0x00007ffe6e822000 	C:\Xilinx\Vivado\2020.1\lib\win64.o\libhdlpsolve.dll
0x00007ffe4abe0000 - 0x00007ffe4ac85000 	C:\Xilinx\Vivado\2020.1\lib\win64.o\libhdxml.dll
0x00007ffe68c40000 - 0x00007ffe68ca5000 	C:\Xilinx\Vivado\2020.1\lib\win64.o\liblmx6.0.dll
0x00007ffe80550000 - 0x00007ffe8057e000 	C:\Xilinx\Vivado\2020.1\lib\win64.o\libisl_sysinfo.dll
0x00007ffe84960000 - 0x00007ffe8497a000 	C:\Xilinx\Vivado\2020.1\lib\win64.o\pthreadVC2.dll
0x00007ffe7e660000 - 0x00007ffe7e681000 	C:\Xilinx\Vivado\2020.1\lib\win64.o\librdizlib.dll
0x00007ffe77440000 - 0x00007ffe7745c000 	C:\Xilinx\Vivado\2020.1\lib\win64.o\librdiconfig.dll
0x0000000012000000 - 0x0000000012270000 	C:\Xilinx\Vivado\2020.1\lib\win64.o\xerces-c_3_1.dll
0x00007ffe48290000 - 0x00007ffe4856b000 	C:\Xilinx\Vivado\2020.1\lib\win64.o\libXil_lmgr11.dll
0x00007ffe95810000 - 0x00007ffe958ea000 	C:\WINDOWS\System32\COMDLG32.dll
0x00007ffe95190000 - 0x00007ffe954e5000 	C:\WINDOWS\System32\combase.dll
0x00007ffe95020000 - 0x00007ffe950ce000 	C:\WINDOWS\System32\shcore.dll
0x00007ffe48570000 - 0x00007ffe49225a00 	C:\Xilinx\Vivado\2020.1\lib\win64.o\libisl_iostreams.dll
0x00007ffe96e90000 - 0x00007ffe96ee5000 	C:\WINDOWS\System32\SHLWAPI.dll
0x00007ffe96020000 - 0x00007ffe960ed000 	C:\WINDOWS\System32\OLEAUT32.dll
0x00007ffe83c30000 - 0x00007ffe83c48000 	C:\WINDOWS\SYSTEM32\NETAPI32.dll
0x00007ffe78b80000 - 0x00007ffe7905a000 	C:\WINDOWS\SYSTEM32\WININET.dll
0x00007ffe8fc10000 - 0x00007ffe8fd10000 	C:\WINDOWS\SYSTEM32\WINHTTP.dll
0x00007ffe96d60000 - 0x00007ffe96e8a000 	C:\WINDOWS\System32\ole32.dll
0x00007ffe94710000 - 0x00007ffe94770000 	C:\WINDOWS\System32\WINTRUST.dll
0x00007ffe87b70000 - 0x00007ffe87d5d000 	C:\WINDOWS\SYSTEM32\urlmon.dll
0x00007ffe94d50000 - 0x00007ffe94ead000 	C:\WINDOWS\System32\CRYPT32.dll
0x00007ffe83cd0000 - 0x00007ffe83cd9000 	C:\WINDOWS\SYSTEM32\WSOCK32.dll
0x00007ffe75290000 - 0x00007ffe752b8000 	C:\WINDOWS\SYSTEM32\VCOMP140.DLL
0x00007ffe473f0000 - 0x00007ffe48281000 	C:\Xilinx\Vivado\2020.1\lib\win64.o\gurobi65.dll
0x00007ffe82a20000 - 0x00007ffe82a2d000 	C:\Xilinx\Vivado\2020.1\lib\win64.o\libboost_chrono.dll
0x00007ffe68fd0000 - 0x00007ffe69080000 	C:\WINDOWS\WinSxS\amd64_microsoft.windows.common-controls_6595b64144ccf1df_5.82.19041.488_none_4238de57f6b64d28\COMCTL32.dll
0x00007ffe75270000 - 0x00007ffe7528b000 	C:\Xilinx\Vivado\2020.1\lib\win64.o\libboost_iostreams.dll
0x00007ffe70c30000 - 0x00007ffe70c55000 	C:\Xilinx\Vivado\2020.1\lib\win64.o\libisl_iosutils.dll
0x00007ffe8e660000 - 0x00007ffe8e67d000 	C:\WINDOWS\SYSTEM32\dhcpcsvc.DLL
0x00007ffe87ed0000 - 0x00007ffe88180000 	C:\WINDOWS\SYSTEM32\iertutil.dll
0x00007ffe93b90000 - 0x00007ffe93b9c000 	C:\WINDOWS\SYSTEM32\NETUTILS.DLL
0x00007ffe93d90000 - 0x00007ffe93dfa000 	C:\WINDOWS\SYSTEM32\MSWSOCK.DLL
0x00007ffe954f0000 - 0x00007ffe95520000 	C:\WINDOWS\System32\IMM32.DLL
0x00007ffe94190000 - 0x00007ffe941a2000 	C:\WINDOWS\SYSTEM32\MSASN1.dll
0x00007ffe925e0000 - 0x00007ffe925f2000 	C:\WINDOWS\SYSTEM32\kernel.appcore.dll
0x00007ffe46ef0000 - 0x00007ffe473ec000 	C:\Xilinx\Vivado\2020.1\lib\win64.o\librdi_commontasks.dll
0x00007ffe8d420000 - 0x00007ffe8d42a000 	C:\WINDOWS\SYSTEM32\VERSION.dll
0x00007ffe46c00000 - 0x00007ffe46ee4000 	C:\Xilinx\Vivado\2020.1\lib\win64.o\librdi_sio.dll
0x00007ffe93a80000 - 0x00007ffe93abb000 	C:\WINDOWS\SYSTEM32\IPHLPAPI.DLL
0x000000006b9f0000 - 0x000000006c415000 	C:\Xilinx\Vivado\2020.1\tps\win64\jre9.0.4\bin\server\jvm.dll
0x00007ffe94f90000 - 0x00007ffe94f98000 	C:\WINDOWS\System32\PSAPI.DLL
0x00007ffe8aa10000 - 0x00007ffe8aa37000 	C:\WINDOWS\SYSTEM32\WINMM.dll
0x00007ffe46b10000 - 0x00007ffe46bff000 	C:\WINDOWS\SYSTEM32\MSVCR120.dll
0x00007ffe927e0000 - 0x00007ffe92f75000 	C:\WINDOWS\SYSTEM32\windows.storage.dll
0x00007ffe94010000 - 0x00007ffe9403c000 	C:\WINDOWS\SYSTEM32\Wldp.dll
0x00007ffe0c400000 - 0x00007ffe0ea95000 	C:\Xilinx\Vivado\2020.1\lib\win64.o\librdi_tcltasks.dll
0x00007ffe46a90000 - 0x00007ffe46b0b000 	C:\Xilinx\Vivado\2020.1\lib\win64.o\librdi_boarddep.dll
0x00007ffe46990000 - 0x00007ffe46a86000 	C:\Xilinx\Vivado\2020.1\lib\win64.o\librdi_chipscope.dll
0x00007ffe46300000 - 0x00007ffe464b3000 	C:\Xilinx\Vivado\2020.1\lib\win64.o\librdi_board.dll
0x00007ffe464c0000 - 0x00007ffe46986000 	C:\Xilinx\Vivado\2020.1\lib\win64.o\librdi_bitstream.dll
0x00007ffe46130000 - 0x00007ffe462f1000 	C:\Xilinx\Vivado\2020.1\lib\win64.o\librdi_chipscopeimpl.dll
0x00007ffe0a7d0000 - 0x00007ffe0c3fa000 	C:\Xilinx\Vivado\2020.1\lib\win64.o\librdi_constraints.dll
0x00007ffe45fd0000 - 0x00007ffe4612b000 	C:\Xilinx\Vivado\2020.1\lib\win64.o\librdi_containers.dll
0x00007ffe08660000 - 0x00007ffe0a7cd000 	C:\Xilinx\Vivado\2020.1\lib\win64.o\librdi_coregen.dll
0x00007ffe04330000 - 0x00007ffe0865e000 	C:\Xilinx\Vivado\2020.1\lib\win64.o\librdi_designutils.dll
0x00007ffe458f0000 - 0x00007ffe45fc9000 	C:\Xilinx\Vivado\2020.1\lib\win64.o\librdi_coregenipxact.dll
0x00007ffe12770000 - 0x00007ffe12d8e000 	C:\Xilinx\Vivado\2020.1\lib\win64.o\librdi_drc.dll
0x00007ffe454d0000 - 0x00007ffe45594000 	C:\Xilinx\Vivado\2020.1\lib\win64.o\librdi_dsp.dll
0x00007ffe455a0000 - 0x00007ffe458eb000 	C:\Xilinx\Vivado\2020.1\lib\win64.o\librdi_dlyest.dll
0x00007ffe12f20000 - 0x00007ffe1323c000 	C:\Xilinx\Vivado\2020.1\lib\win64.o\librdi_guitools.dll
0x00007ffe120e0000 - 0x00007ffe12766000 	C:\Xilinx\Vivado\2020.1\lib\win64.o\librdi_filemgmt.dll
0x00007ffe45450000 - 0x00007ffe454c7000 	C:\Xilinx\Vivado\2020.1\lib\win64.o\librdi_hdf.dll
0x00007ffe11e80000 - 0x00007ffe120d5000 	C:\Xilinx\Vivado\2020.1\lib\win64.o\librdi_hip_devdesign.dll
0x00007ffe45300000 - 0x00007ffe45448000 	C:\Xilinx\Vivado\2020.1\lib\win64.o\librdi_hip_perf_analysis.dll
0x00007ffdeab10000 - 0x00007ffdec45a000 	C:\Xilinx\Vivado\2020.1\lib\win64.o\librdi_implflow.dll
0x00007ffe45280000 - 0x00007ffe452f4000 	C:\Xilinx\Vivado\2020.1\lib\win64.o\librdi_memoryarray.dll
0x00007ffe11840000 - 0x00007ffe11e7e000 	C:\Xilinx\Vivado\2020.1\lib\win64.o\librdi_memdata.dll
0x00007ffe707a0000 - 0x00007ffe707ee000 	C:\Xilinx\Vivado\2020.1\lib\win64.o\librdi_pfi.dll
0x00007ffe101e0000 - 0x00007ffe108e3000 	C:\Xilinx\Vivado\2020.1\lib\win64.o\librdi_netlist.dll
0x00007ffde7c90000 - 0x00007ffdeab07000 	C:\Xilinx\Vivado\2020.1\lib\win64.o\librdi_mig.dll
0x00007ffe114e0000 - 0x00007ffe11831000 	C:\Xilinx\Vivado\2020.1\lib\win64.o\librdi_platform.dll
0x00007ffdec460000 - 0x00007ffe04330000 	C:\Xilinx\Vivado\2020.1\lib\win64.o\librdi_device.dll
0x00007ffe0f9a0000 - 0x00007ffe101d4000 	C:\Xilinx\Vivado\2020.1\lib\win64.o\librdi_power.dll
0x00007ffde5110000 - 0x00007ffde7c81000 	C:\Xilinx\Vivado\2020.1\lib\win64.o\librdi_place.dll
0x00007ffde3c60000 - 0x00007ffde43cf000 	C:\Xilinx\Vivado\2020.1\lib\win64.o\librdi_rsb.dll
0x00007ffde37c0000 - 0x00007ffde3c5a000 	C:\Xilinx\Vivado\2020.1\lib\win64.o\librdi_runs.dll
0x00007ffde43d0000 - 0x00007ffde4b0c000 	C:\Xilinx\Vivado\2020.1\lib\win64.o\librdi_psta.dll
0x00007ffde4b10000 - 0x00007ffde5105000 	C:\Xilinx\Vivado\2020.1\lib\win64.o\librdi_project.dll
0x00007ffe214a0000 - 0x00007ffe215a8000 	C:\Xilinx\Vivado\2020.1\lib\win64.o\librdi_runsbase.dll
0x00007ffe0f080000 - 0x00007ffe0f2f5000 	C:\Xilinx\Vivado\2020.1\lib\win64.o\librdi_simdata.dll
0x00007ffe2e410000 - 0x00007ffe2e50f000 	C:\Xilinx\Vivado\2020.1\lib\win64.o\librdi_xhub.dll
0x00007ffe31a50000 - 0x00007ffe31af8000 	C:\Xilinx\Vivado\2020.1\lib\win64.o\librdi_xhubtasks.dll
0x00007ffde26d0000 - 0x00007ffde28a3000 	C:\Xilinx\Vivado\2020.1\lib\win64.o\librdi_advchipscopeimpl.dll
0x00007ffde28b0000 - 0x00007ffde37ba000 	C:\Xilinx\Vivado\2020.1\lib\win64.o\librdi_timing.dll
0x00007ffe6e750000 - 0x00007ffe6e79c000 	C:\Xilinx\Vivado\2020.1\lib\win64.o\libboost_serialization.dll
0x00007ffe1f510000 - 0x00007ffe1f5f8000 	C:\Xilinx\Vivado\2020.1\lib\win64.o\librdi_ipconfig_readwrite.dll
0x00007ffe338c0000 - 0x00007ffe3392c000 	C:\Xilinx\Vivado\2020.1\lib\win64.o\librdi_noc_frameworks.dll
0x00007ffe4cbc0000 - 0x00007ffe4cc0c000 	C:\Xilinx\Vivado\2020.1\lib\win64.o\librdi_bva.dll
0x00007ffe35b20000 - 0x00007ffe35b6d000 	C:\Xilinx\Vivado\2020.1\lib\win64.o\libboost_graph.dll
0x00007ffde1980000 - 0x00007ffde1b73000 	C:\Xilinx\Vivado\2020.1\lib\win64.o\librdi_hip_config.dll
0x00007ffde1b80000 - 0x00007ffde26c7000 	C:\Xilinx\Vivado\2020.1\lib\win64.o\libverific.dll
0x00007ffde1430000 - 0x00007ffde197e000 	C:\Xilinx\Vivado\2020.1\lib\win64.o\librdi_xdm.dll
0x00007ffe33ba0000 - 0x00007ffe33beb000 	C:\Xilinx\Vivado\2020.1\lib\win64.o\librdi_wavedata_SimpleApi.dll

VM Arguments:
jvm_args: -Dsun.java2d.pmoffscreen=false -Dsun.java2d.xrender=false -Dsun.java2d.d3d=false -Dsun.awt.nopixfmt=true -Dsun.java2d.dpiaware=true -Dsun.java2d.uiScale.enabled=false -Xverify:none -Dswing.aatext=true -XX:-UsePerfData -Djdk.map.althashing.threshold=512 -XX:StringTableSize=4072 --add-opens=java.base/java.nio=ALL-UNNAMED --add-opens=java.desktop/sun.swing=ALL-UNNAMED --add-opens=java.desktop/javax.swing=ALL-UNNAMED --add-opens=java.desktop/javax.swing.tree=ALL-UNNAMED --add-opens=java.desktop/javax.swing.plaf.basic=ALL-UNNAMED --add-opens=java.desktop/javax.swing.plaf.synth=ALL-UNNAMED --add-opens=java.desktop/com.sun.awt=ALL-UNNAMED -XX:NewSize=60m -XX:MaxNewSize=60m -Xms128m -Xmx3072m -Xss5m 
java_command: <unknown>
java_class_path (initial): C:/Xilinx/Vivado/2020.1\lib\classes\alloy.jar;C:/Xilinx/Vivado/2020.1\lib\classes\ArchiveSummary.jar;C:/Xilinx/Vivado/2020.1\lib\classes\autoesl-models.jar;C:/Xilinx/Vivado/2020.1\lib\classes\autopilot.scelaborator.jar;C:/Xilinx/Vivado/2020.1\lib\classes\autopilot.sourceprocessor.jar;C:/Xilinx/Vivado/2020.1\lib\classes\autopilot.tbprocessor.jar;C:/Xilinx/Vivado/2020.1\lib\classes\batik-anim.jar;C:/Xilinx/Vivado/2020.1\lib\classes\batik-awt-util.jar;C:/Xilinx/Vivado/2020.1\lib\classes\batik-bridge.jar;C:/Xilinx/Vivado/2020.1\lib\classes\batik-codec.jar;C:/Xilinx/Vivado/2020.1\lib\classes\batik-css.jar;C:/Xilinx/Vivado/2020.1\lib\classes\batik-dom.jar;C:/Xilinx/Vivado/2020.1\lib\classes\batik-ext.jar;C:/Xilinx/Vivado/2020.1\lib\classes\batik-gui-util.jar;C:/Xilinx/Vivado/2020.1\lib\classes\batik-gvt.jar;C:/Xilinx/Vivado/2020.1\lib\classes\batik-parser.jar;C:/Xilinx/Vivado/2020.1\lib\classes\batik-script.jar;C:/Xilinx/Vivado/2020.1\lib\classes\batik-svg-dom.jar;C:/Xilinx/Vivado/2020.1\lib\classes\batik-swing.jar;C:/Xilinx/Vivado/2020.1\lib\classes\batik-transcoder.jar;C:/Xilinx/Vivado/2020.1\lib\classes\batik-util.jar;C:/Xilinx/Vivado/2020.1\lib\classes\batik-xml.jar;C:/Xilinx/Vivado/2020.1\lib\classes\com.google.gson_2.8.2.v20180104-1110.jar;C:/Xilinx/Vivado/2020.1\lib\classes\com.google.guava_27.1.0.v20190517-1946.jar;C:/Xilinx/Vivado/2020.1\lib\classes\com.ibm.icu_4.4.2.v20110208.jar;C:/Xilinx/Vivado/2020.1\lib\classes\com.sigasi.hdt.connection_4.8.0.202004151336.jar;C:/Xilinx/Vivado/2020.1\lib\classes\com.sigasi.hdt.epl_4.8.0.202004151336.jar;C:/Xilinx/Vivado/2020.1\lib\classes\com.sigasi.hdt.project_4.8.0.202004151336.jar;C:/Xilinx/Vivado/2020.1\lib\classes\com.sigasi.hdt.readonlyfilesystem_4.8.0.202004151336.jar;C:/Xilinx/Vivado/2020.1\lib\classes\com.sigasi.lcm_4.8.0.202004151336.jar;C:/Xilinx/Vivado/2020.1\lib\classes\com.sigasi.sdk.client_4.8.0.202004151336.jar;C:/Xilinx/Vivado/2020.1\lib\classes\com.xilinx.hls.services.jar;C:/Xili
Launcher Type: generic

Logging:
Log output configuration:
#0: stdout all=warning uptime,level,tags
#1: stderr all=off uptime,level,tags

Environment Variables:
PATH=C:/Xilinx/Vivado/2020.1/bin;C:/Xilinx/Vivado/2020.1/lib/win64.o;C:/Xilinx/Vivado/2020.1/tps/win64/jre9.0.4/bin/server;C:/Xilinx/Vivado/2020.1/tps/win64/jre9.0.4/bin;C:/Xilinx/Vivado/2020.1/ids_lite/ISE/bin/nt64;C:/Xilinx/Vivado/2020.1/ids_lite/ISE/lib/nt64;C:\Program Files (x86)\Common Files\Oracle\Java\javapath;C:\WINDOWS\system32;C:\WINDOWS;C:\WINDOWS\System32\Wbem;C:\WINDOWS\System32\WindowsPowerShell\v1.0\;C:\WINDOWS\System32\OpenSSH\;C:\Program Files\MATLAB\R2020b\bin;C:\Program Files\Emacs\x86_64\bin;C:\Program Files (x86)\Arduino;C:\MinGW\bin;C:\Program Files\Git\cmd;C:\Users\Nick Palladino\AppData\Local\GitHubDesktop\bin;C:/Xilinx/Vivado/2020.1\tps\mingw\6.2.0\win64.o\nt\bin;C:/Xilinx/Vivado/2020.1\tps\mingw\6.2.0\win64.o\nt\libexec\gcc\x86_64-w64-mingw32\6.2.0;C:/Xilinx/Vivado/2020.1\tps\win64\python-2.7.16;C:/Xilinx/Vivado/2020.1\tps\win64\python-2.7.16\bin;C:/Xilinx/Vivado/2020.1\tps\win64\python-2.7.16\lib;C:/Xilinx/Vivado/2020.1\tps\win64\python-2.7.16\Lib\lib-tk;C:/Xilinx/Vivado/2020.1\tps\win64\python-2.7.16\lib\site-packages
USERNAME=Nick Palladino
OS=Windows_NT
PROCESSOR_IDENTIFIER=AMD64 Family 23 Model 24 Stepping 1, AuthenticAMD



---------------  S Y S T E M  ---------------

OS: Windows 10 , 64 bit Build 19041 (10.0.19041.546)

CPU:total 8 (initial active 8) (8 cores per cpu, 1 threads per core) family 23 model 24 stepping 1, cmov, cx8, fxsr, mmx, sse, sse2, sse3, ssse3, sse4.1, sse4.2, popcnt, avx, avx2, aes, clmul, mmxext, 3dnowpref, lzcnt, sse4a, tsc, tscinvbit, tscinv, bmi1

Memory: 4k page, physical 14607096k(7388656k free), swap 16835320k(5100396k free)

vm_info: Java HotSpot(TM) 64-Bit Server VM (9.0.4+11) for windows-amd64 JRE (9.0.4+11), built on Dec 20 2017 02:18:54 by "mach5one" with MS VC++ 12.0 (VS2013)

END.
